This file contains any messages produced by compilers while
running configure, to aid debugging if configure makes a mistake.

It was created by songs configure 3.1, which was
generated by GNU Autoconf 2.69.  Invocation command line was

  $ ./configure 

## --------- ##
## Platform. ##
## --------- ##

hostname = viktor-homepc
uname -m = x86_64
uname -r = 5.19.0-26-generic
uname -s = Linux
uname -v = #27-Ubuntu SMP PREEMPT_DYNAMIC Wed Nov 23 20:44:15 UTC 2022

/usr/bin/uname -p = x86_64
/bin/uname -X     = unknown

/bin/arch              = x86_64
/usr/bin/arch -k       = unknown
/usr/convex/getsysinfo = unknown
/usr/bin/hostinfo      = unknown
/bin/machine           = unknown
/usr/bin/oslevel       = unknown
/bin/universe          = unknown

PATH: /home/vszabo/.nvm/versions/node/v17.4.0/bin
PATH: /home/vszabo/.local/bin
PATH: /home/vszabo/bin
PATH: /usr/local/sbin
PATH: /usr/local/bin
PATH: /usr/sbin
PATH: /usr/bin
PATH: /sbin
PATH: /bin
PATH: /usr/games
PATH: /usr/local/games
PATH: /snap/bin
PATH: /snap/bin
PATH: /home/vszabo/.dotnet/tools


## ----------- ##
## Core tests. ##
## ----------- ##

configure:1773: checking for a BSD-compatible install
configure:1841: result: /usr/bin/install -c
configure:1852: checking whether build environment is sane
configure:1907: result: yes
configure:2058: checking for a thread-safe mkdir -p
configure:2097: result: /usr/bin/mkdir -p
configure:2104: checking for gawk
configure:2120: found /usr/bin/gawk
configure:2131: result: gawk
configure:2142: checking whether make sets $(MAKE)
configure:2164: result: yes
configure:2193: checking whether make supports nested variables
configure:2210: result: yes
configure:2355: checking for latex
configure:2371: found /usr/bin/latex
configure:2382: result: latex
configure:2406: checking for pdflatex
configure:2422: found /usr/bin/pdflatex
configure:2433: result: pdflatex
configure:2457: checking for texlua
configure:2473: found /usr/bin/texlua
configure:2484: result: texlua
configure:2508: checking for makeindex
configure:2524: found /usr/bin/makeindex
configure:2535: result: makeindex
configure:2559: checking for dvips
configure:2575: found /usr/bin/dvips
configure:2586: result: dvips
configure:2610: checking for texhash
configure:2626: found /usr/bin/texhash
configure:2637: result: texhash
configure:2661: checking for kpsewhich
configure:2677: found /usr/bin/kpsewhich
configure:2688: result: kpsewhich
configure:2855: checking that generated files are newer than configure
configure:2861: result: done
configure:2869: creating ./config.status

## ---------------------- ##
## Running config.status. ##
## ---------------------- ##

This file was extended by songs config.status 3.1, which was
generated by GNU Autoconf 2.69.  Invocation command line was

  CONFIG_FILES    = 
  CONFIG_HEADERS  = 
  CONFIG_LINKS    = 
  CONFIG_COMMANDS = 
  $ ./config.status 

on viktor-homepc

config.status:767: creating Makefile
config.status:767: creating src/songs/GNUmakefile
config.status:767: creating sample/GNUmakefile
config.status:767: creating src/songidx/Makefile
config.status:767: creating src/vim/Makefile
config.status:939: executing src/songs/songs.dtx commands
config.status:939: executing sample/chordbook.tex commands
config.status:939: executing sample/lyricbook.tex commands
config.status:939: executing sample/slidebook.tex commands
config.status:939: executing sample/transparencies.tex commands
config.status:939: executing sample/songs.sbd commands

## ---------------- ##
## Cache variables. ##
## ---------------- ##

ac_cv_env_build_alias_set=
ac_cv_env_build_alias_value=
ac_cv_env_candir_set=
ac_cv_env_candir_value=
ac_cv_env_host_alias_set=
ac_cv_env_host_alias_value=
ac_cv_env_target_alias_set=
ac_cv_env_target_alias_value=
ac_cv_env_texmfdir_set=
ac_cv_env_texmfdir_value=
ac_cv_env_vimfilesdir_set=
ac_cv_env_vimfilesdir_value=
ac_cv_path_install='/usr/bin/install -c'
ac_cv_path_mkdir=/usr/bin/mkdir
ac_cv_prog_AWK=gawk
ac_cv_prog_dvips=dvips
ac_cv_prog_kpsewhich=kpsewhich
ac_cv_prog_latex=latex
ac_cv_prog_make_make_set=yes
ac_cv_prog_makeindex=makeindex
ac_cv_prog_pdflatex=pdflatex
ac_cv_prog_texhash=texhash
ac_cv_prog_texlua=texlua
am_cv_make_support_nested_variables=yes

## ----------------- ##
## Output variables. ##
## ----------------- ##

ACLOCAL='${SHELL} /home/vszabo/Dropbox/Backup_personal/Songs/songs-3.1/missing aclocal-1.15'
AMTAR='$${TAR-tar}'
AM_BACKSLASH='\'
AM_DEFAULT_V='$(AM_DEFAULT_VERBOSITY)'
AM_DEFAULT_VERBOSITY='1'
AM_V='$(V)'
AUTOCONF='${SHELL} /home/vszabo/Dropbox/Backup_personal/Songs/songs-3.1/missing autoconf'
AUTOHEADER='${SHELL} /home/vszabo/Dropbox/Backup_personal/Songs/songs-3.1/missing autoheader'
AUTOMAKE='${SHELL} /home/vszabo/Dropbox/Backup_personal/Songs/songs-3.1/missing automake-1.15'
AWK='gawk'
CYGPATH_W='echo'
DEFS='-DPACKAGE_NAME=\"songs\" -DPACKAGE_TARNAME=\"songs\" -DPACKAGE_VERSION=\"3.1\" -DPACKAGE_STRING=\"songs\ 3.1\" -DPACKAGE_BUGREPORT=\"\" -DPACKAGE_URL=\"\" -DPACKAGE=\"songs\" -DVERSION=\"3.1\"'
ECHO_C=''
ECHO_N='-n'
ECHO_T=''
INSTALL_DATA='${INSTALL} -m 644'
INSTALL_PROGRAM='${INSTALL}'
INSTALL_SCRIPT='${INSTALL}'
INSTALL_STRIP_PROGRAM='$(install_sh) -c -s'
LIBOBJS=''
LIBS=''
LTLIBOBJS=''
MAKEINFO='${SHELL} /home/vszabo/Dropbox/Backup_personal/Songs/songs-3.1/missing makeinfo'
MKDIR_P='/usr/bin/mkdir -p'
PACKAGE='songs'
PACKAGE_BUGREPORT=''
PACKAGE_NAME='songs'
PACKAGE_STRING='songs 3.1'
PACKAGE_TARNAME='songs'
PACKAGE_URL=''
PACKAGE_VERSION='3.1'
PATH_SEPARATOR=':'
SET_MAKE=''
SHELL='/bin/bash'
STRIP=''
VERSION='3.1'
am__isrc=''
am__leading_dot='.'
am__tar='$${TAR-tar} chof - "$$tardir"'
am__untar='$${TAR-tar} xf -'
bindir='${exec_prefix}/bin'
build_alias=''
candir='${datarootdir}/songs'
datadir='${datarootdir}'
datarootdir='${prefix}/share'
docdir='${datarootdir}/doc/${PACKAGE_TARNAME}'
dvidir='${docdir}'
dvips='dvips'
exec_prefix='${prefix}'
host_alias=''
htmldir='${docdir}'
includedir='${prefix}/include'
infodir='${datarootdir}/info'
install_sh='${SHELL} /home/vszabo/Dropbox/Backup_personal/Songs/songs-3.1/install-sh'
kpsewhich='kpsewhich'
latex='latex'
libdir='${exec_prefix}/lib'
libexecdir='${exec_prefix}/libexec'
localedir='${datarootdir}/locale'
localstatedir='${prefix}/var'
makeindex='makeindex'
mandir='${datarootdir}/man'
mkdir_p='$(MKDIR_P)'
oldincludedir='/usr/include'
pdfdir='${docdir}'
pdflatex='pdflatex'
prefix='/usr/local'
program_transform_name='s,x,x,'
psdir='${docdir}'
sbindir='${exec_prefix}/sbin'
sharedstatedir='${prefix}/com'
sysconfdir='${prefix}/etc'
target_alias=''
texhash='texhash'
texlua='texlua'
texmfdir='${datarootdir}/texmf'
vimfilesdir='${datarootdir}/vimfiles'

## ----------- ##
## confdefs.h. ##
## ----------- ##

/* confdefs.h */
#define PACKAGE_NAME "songs"
#define PACKAGE_TARNAME "songs"
#define PACKAGE_VERSION "3.1"
#define PACKAGE_STRING "songs 3.1"
#define PACKAGE_BUGREPORT ""
#define PACKAGE_URL ""
#define PACKAGE "songs"
#define VERSION "3.1"

configure: exit 0
