This is pdfTeX, Version 3.141592653-2.6-1.40.24 (TeX Live 2022/Debian) (preloaded format=pdflatex 2022.12.29)  29 DEC 2022 15:58
entering extended mode
 restricted \write18 enabled.
 %&-line parsing enabled.
**songs.dtx
(./songs.dtx
LaTeX2e <2022-06-01> patch level 5
L3 programming layer <2022-07-15>
File: songs.dtx 2018/09/12 v3.1 Songs package

(/usr/share/texlive/texmf-dist/tex/latex/base/ltxdoc.cls
Document Class: ltxdoc 2022/06/22 v2.1h Standard LaTeX documentation class
*************************************
* Local config file ltxdoc.cfg used
*************************************
(/usr/share/texlive/texmf-dist/tex/latex/base/ltxdoc.cfg
File: ltxdoc.cfg 2022/06/14 v2.0d ltxdoc.cls configuration (LaTeX Project)
)
(/usr/share/texlive/texmf-dist/tex/latex/base/article.cls
Document Class: article 2021/10/04 v1.4n Standard LaTeX document class
(/usr/share/texlive/texmf-dist/tex/latex/base/size10.clo
File: size10.clo 2021/10/04 v1.4n Standard LaTeX file (size option)
)
\c@part=\count185
\c@section=\count186
\c@subsection=\count187
\c@subsubsection=\count188
\c@paragraph=\count189
\c@subparagraph=\count190
\c@figure=\count191
\c@table=\count192
\abovecaptionskip=\skip47
\belowcaptionskip=\skip48
\bibindent=\dimen138
)
(/usr/share/texlive/texmf-dist/tex/latex/base/doc.sty
Package: doc 2022/06/08 v3.0j Standard LaTeX documentation package V3 (FMi)
\c@StandardModuleDepth=\count193
\guard@level=\count194
\MacrocodeTopsep=\skip49
\MacroIndent=\dimen139
\macro@cnt=\count195
\MacroTopsep=\skip50
\IndexMin=\dimen140
\c@IndexColumns=\count196

(/usr/share/texlive/texmf-dist/tex/latex/tools/multicol.sty
Package: multicol 2021/11/30 v1.9d multicolumn formatting (FMi)
\c@tracingmulticols=\count197
\mult@box=\box51
\multicol@leftmargin=\dimen141
\c@unbalance=\count198
\c@collectmore=\count199
\doublecol@number=\count266
\multicoltolerance=\count267
\multicolpretolerance=\count268
\full@width=\dimen142
\page@free=\dimen143
\premulticols=\dimen144
\postmulticols=\dimen145
\multicolsep=\skip51
\multicolbaselineskip=\skip52
\partial@page=\box52
\last@line=\box53
\maxbalancingoverflow=\dimen146
\mult@rightbox=\box54
\mult@grightbox=\box55
\mult@firstbox=\box56
\mult@gfirstbox=\box57
\@tempa=\box58
\@tempa=\box59
\@tempa=\box60
\@tempa=\box61
\@tempa=\box62
\@tempa=\box63
\@tempa=\box64
\@tempa=\box65
\@tempa=\box66
\@tempa=\box67
\@tempa=\box68
\@tempa=\box69
\@tempa=\box70
\@tempa=\box71
\@tempa=\box72
\@tempa=\box73
\@tempa=\box74
\@tempa=\box75
\@tempa=\box76
\@tempa=\box77
\@tempa=\box78
\@tempa=\box79
\@tempa=\box80
\@tempa=\box81
\@tempa=\box82
\@tempa=\box83
\@tempa=\box84
\@tempa=\box85
\@tempa=\box86
\@tempa=\box87
\@tempa=\box88
\@tempa=\box89
\@tempa=\box90
\@tempa=\box91
\@tempa=\box92
\@tempa=\box93
\c@minrows=\count269
\c@columnbadness=\count270
\c@finalcolumnbadness=\count271
\last@try=\dimen147
\multicolovershoot=\dimen148
\multicolundershoot=\dimen149
\mult@nat@firstbox=\box94
\colbreak@box=\box95
\mc@col@check@num=\count272
)
\GlossaryMin=\dimen150
\c@GlossaryColumns=\count273
\check@sum=\count274
\bslash@cnt=\count275
\wrong@table=\toks16
\c@CodelineNo=\count276
\@temptokenb=\toks17
)
LaTeX Info: Redefining \cs on input line 266.
)
(/usr/share/texlive/texmf-dist/tex/latex/microtype/microtype.sty
Package: microtype 2022/06/23 v3.0f Micro-typographical refinements (RS)

(/usr/share/texlive/texmf-dist/tex/latex/graphics/keyval.sty
Package: keyval 2022/05/29 v1.15 key=value parser (DPC)
\KV@toks@=\toks18
)
(/usr/share/texlive/texmf-dist/tex/latex/etoolbox/etoolbox.sty
Package: etoolbox 2020/10/05 v2.5k e-TeX tools for LaTeX (JAW)
\etb@tempcnta=\count277
)
\MT@toks=\toks19
\MT@tempbox=\box96
\MT@count=\count278
LaTeX Info: Redefining \noprotrusionifhmode on input line 1045.
LaTeX Info: Redefining \leftprotrusion on input line 1046.
LaTeX Info: Redefining \rightprotrusion on input line 1056.
LaTeX Info: Redefining \textls on input line 1234.
\MT@outer@kern=\dimen151
LaTeX Info: Redefining \textmicrotypecontext on input line 1858.
\MT@listname@count=\count279

(/usr/share/texlive/texmf-dist/tex/latex/microtype/microtype-pdftex.def
File: microtype-pdftex.def 2022/06/23 v3.0f Definitions specific to pdftex (RS)

LaTeX Info: Redefining \lsstyle on input line 900.
LaTeX Info: Redefining \lslig on input line 900.
\MT@outer@space=\skip53
)
Package microtype Info: Loading configuration file microtype.cfg.

(/usr/share/texlive/texmf-dist/tex/latex/microtype/microtype.cfg
File: microtype.cfg 2022/06/23 v3.0f microtype main configuration file (RS)
))
(/usr/share/texmf/tex/latex/lm/lmodern.sty
Package: lmodern 2015/05/01 v1.6.1 Latin Modern Fonts
LaTeX Font Info:    Overwriting symbol font `operators' in version `normal'
(Font)                  OT1/cmr/m/n --> OT1/lmr/m/n on input line 22.
LaTeX Font Info:    Overwriting symbol font `letters' in version `normal'
(Font)                  OML/cmm/m/it --> OML/lmm/m/it on input line 23.
LaTeX Font Info:    Overwriting symbol font `symbols' in version `normal'
(Font)                  OMS/cmsy/m/n --> OMS/lmsy/m/n on input line 24.
LaTeX Font Info:    Overwriting symbol font `largesymbols' in version `normal'
(Font)                  OMX/cmex/m/n --> OMX/lmex/m/n on input line 25.
LaTeX Font Info:    Overwriting symbol font `operators' in version `bold'
(Font)                  OT1/cmr/bx/n --> OT1/lmr/bx/n on input line 26.
LaTeX Font Info:    Overwriting symbol font `letters' in version `bold'
(Font)                  OML/cmm/b/it --> OML/lmm/b/it on input line 27.
LaTeX Font Info:    Overwriting symbol font `symbols' in version `bold'
(Font)                  OMS/cmsy/b/n --> OMS/lmsy/b/n on input line 28.
LaTeX Font Info:    Overwriting symbol font `largesymbols' in version `bold'
(Font)                  OMX/cmex/m/n --> OMX/lmex/m/n on input line 29.
LaTeX Font Info:    Overwriting math alphabet `\mathbf' in version `normal'
(Font)                  OT1/cmr/bx/n --> OT1/lmr/bx/n on input line 31.
LaTeX Font Info:    Overwriting math alphabet `\mathsf' in version `normal'
(Font)                  OT1/cmss/m/n --> OT1/lmss/m/n on input line 32.
LaTeX Font Info:    Overwriting math alphabet `\mathit' in version `normal'
(Font)                  OT1/cmr/m/it --> OT1/lmr/m/it on input line 33.
LaTeX Font Info:    Overwriting math alphabet `\mathtt' in version `normal'
(Font)                  OT1/cmtt/m/n --> OT1/lmtt/m/n on input line 34.
LaTeX Font Info:    Overwriting math alphabet `\mathbf' in version `bold'
(Font)                  OT1/cmr/bx/n --> OT1/lmr/bx/n on input line 35.
LaTeX Font Info:    Overwriting math alphabet `\mathsf' in version `bold'
(Font)                  OT1/cmss/bx/n --> OT1/lmss/bx/n on input line 36.
LaTeX Font Info:    Overwriting math alphabet `\mathit' in version `bold'
(Font)                  OT1/cmr/bx/it --> OT1/lmr/bx/it on input line 37.
LaTeX Font Info:    Overwriting math alphabet `\mathtt' in version `bold'
(Font)                  OT1/cmtt/m/n --> OT1/lmtt/m/n on input line 38.
)
(/usr/share/texlive/texmf-dist/tex/latex/base/fontenc.sty
Package: fontenc 2021/04/29 v2.0v Standard LaTeX package
LaTeX Font Info:    Trying to load font information for T1+lmr on input line 11
2.

(/usr/share/texmf/tex/latex/lm/t1lmr.fd
File: t1lmr.fd 2015/05/01 v1.6.1 Font defs for Latin Modern
))
(/usr/share/texlive/texmf-dist/tex/generic/iftex/ifpdf.sty
Package: ifpdf 2019/10/25 v3.4 ifpdf legacy package. Use iftex instead.

(/usr/share/texlive/texmf-dist/tex/generic/iftex/iftex.sty
Package: iftex 2022/02/03 v1.0f TeX engine tests
))
(/usr/share/texlive/texmf-dist/tex/latex/graphics/color.sty
Package: color 2022/01/06 v1.3d Standard LaTeX Color (DPC)

(/usr/share/texlive/texmf-dist/tex/latex/graphics-cfg/color.cfg
File: color.cfg 2016/01/02 v1.6 sample color configuration
)
Package color Info: Driver file: pdftex.def on input line 149.

(/usr/share/texlive/texmf-dist/tex/latex/graphics-def/pdftex.def
File: pdftex.def 2020/10/05 v1.2a Graphics/color driver for pdftex
)
(/usr/share/texlive/texmf-dist/tex/latex/graphics/mathcolor.ltx))
(/usr/share/texlive/texmf-dist/tex/latex/hyperref/hyperref.sty
Package: hyperref 2022-06-20 v7.00s Hypertext links for LaTeX

(/usr/share/texlive/texmf-dist/tex/generic/ltxcmds/ltxcmds.sty
Package: ltxcmds 2020-05-10 v1.25 LaTeX kernel commands for general use (HO)
)
(/usr/share/texlive/texmf-dist/tex/generic/pdftexcmds/pdftexcmds.sty
Package: pdftexcmds 2020-06-27 v0.33 Utility functions of pdfTeX for LuaTeX (HO
)

(/usr/share/texlive/texmf-dist/tex/generic/infwarerr/infwarerr.sty
Package: infwarerr 2019/12/03 v1.5 Providing info/warning/error messages (HO)
)
Package pdftexcmds Info: \pdf@primitive is available.
Package pdftexcmds Info: \pdf@ifprimitive is available.
Package pdftexcmds Info: \pdfdraftmode found.
)
(/usr/share/texlive/texmf-dist/tex/generic/kvsetkeys/kvsetkeys.sty
Package: kvsetkeys 2019/12/15 v1.18 Key value parser (HO)
)
(/usr/share/texlive/texmf-dist/tex/generic/kvdefinekeys/kvdefinekeys.sty
Package: kvdefinekeys 2019-12-19 v1.6 Define keys (HO)
)
(/usr/share/texlive/texmf-dist/tex/generic/pdfescape/pdfescape.sty
Package: pdfescape 2019/12/09 v1.15 Implements pdfTeX's escape features (HO)
)
(/usr/share/texlive/texmf-dist/tex/latex/hycolor/hycolor.sty
Package: hycolor 2020-01-27 v1.10 Color options for hyperref/bookmark (HO)
)
(/usr/share/texlive/texmf-dist/tex/latex/letltxmacro/letltxmacro.sty
Package: letltxmacro 2019/12/03 v1.6 Let assignment for LaTeX macros (HO)
)
(/usr/share/texlive/texmf-dist/tex/latex/auxhook/auxhook.sty
Package: auxhook 2019-12-17 v1.6 Hooks for auxiliary files (HO)
)
(/usr/share/texlive/texmf-dist/tex/latex/hyperref/nameref.sty
Package: nameref 2022-05-17 v2.50 Cross-referencing by name of section

(/usr/share/texlive/texmf-dist/tex/latex/refcount/refcount.sty
Package: refcount 2019/12/15 v3.6 Data extraction from label references (HO)
)
(/usr/share/texlive/texmf-dist/tex/generic/gettitlestring/gettitlestring.sty
Package: gettitlestring 2019/12/15 v1.6 Cleanup title references (HO)

(/usr/share/texlive/texmf-dist/tex/latex/kvoptions/kvoptions.sty
Package: kvoptions 2022-06-15 v3.15 Key value format for package options (HO)
))
\c@section@level=\count280
)
\@linkdim=\dimen152
\Hy@linkcounter=\count281
\Hy@pagecounter=\count282

(/usr/share/texlive/texmf-dist/tex/latex/hyperref/pd1enc.def
File: pd1enc.def 2022-06-20 v7.00s Hyperref: PDFDocEncoding definition (HO)
Now handling font encoding PD1 ...
... no UTF-8 mapping file for font encoding PD1
)
(/usr/share/texlive/texmf-dist/tex/generic/intcalc/intcalc.sty
Package: intcalc 2019/12/15 v1.3 Expandable calculations with integers (HO)
)
(/usr/share/texlive/texmf-dist/tex/generic/etexcmds/etexcmds.sty
Package: etexcmds 2019/12/15 v1.7 Avoid name clashes with e-TeX commands (HO)
)
\Hy@SavedSpaceFactor=\count283

(/usr/share/texlive/texmf-dist/tex/latex/hyperref/puenc.def
File: puenc.def 2022-06-20 v7.00s Hyperref: PDF Unicode definition (HO)
Now handling font encoding PU ...
... no UTF-8 mapping file for font encoding PU
)
Package hyperref Info: Option `bookmarks' set `true' on input line 4045.
Package hyperref Info: Hyper figures OFF on input line 4162.
Package hyperref Info: Link nesting OFF on input line 4167.
Package hyperref Info: Hyper index ON on input line 4170.
Package hyperref Info: Plain pages OFF on input line 4177.
Package hyperref Info: Backreferencing OFF on input line 4182.
Package hyperref Info: Implicit mode ON; LaTeX internals redefined.
Package hyperref Info: Bookmarks ON on input line 4408.
\c@Hy@tempcnt=\count284

(/usr/share/texlive/texmf-dist/tex/latex/url/url.sty
\Urlmuskip=\muskip16
Package: url 2013/09/16  ver 3.4  Verb mode for urls, etc.
)
LaTeX Info: Redefining \url on input line 4746.
\XeTeXLinkMargin=\dimen153

(/usr/share/texlive/texmf-dist/tex/generic/bitset/bitset.sty
Package: bitset 2019/12/09 v1.3 Handle bit-vector datatype (HO)

(/usr/share/texlive/texmf-dist/tex/generic/bigintcalc/bigintcalc.sty
Package: bigintcalc 2019/12/15 v1.5 Expandable calculations on big integers (HO
)
))
\Fld@menulength=\count285
\Field@Width=\dimen154
\Fld@charsize=\dimen155
Package hyperref Info: Hyper figures OFF on input line 6024.
Package hyperref Info: Link nesting OFF on input line 6029.
Package hyperref Info: Hyper index ON on input line 6032.
Package hyperref Info: backreferencing OFF on input line 6039.
Package hyperref Info: Link coloring OFF on input line 6044.
Package hyperref Info: Link coloring with OCG OFF on input line 6049.
Package hyperref Info: PDF/A mode OFF on input line 6054.

(/usr/share/texlive/texmf-dist/tex/latex/base/atbegshi-ltx.sty
Package: atbegshi-ltx 2021/01/10 v1.0c Emulation of the original atbegshi
package with kernel methods
)
\Hy@abspage=\count286
\c@Item=\count287
\c@Hfootnote=\count288
)
Package hyperref Info: Driver (autodetected): hpdftex.

(/usr/share/texlive/texmf-dist/tex/latex/hyperref/hpdftex.def
File: hpdftex.def 2022-06-20 v7.00s Hyperref driver for pdfTeX

(/usr/share/texlive/texmf-dist/tex/latex/base/atveryend-ltx.sty
Package: atveryend-ltx 2020/08/19 v1.0a Emulation of the original atveryend pac
kage
with kernel methods
)
\Fld@listcount=\count289
\c@bookmark@seq@number=\count290

(/usr/share/texlive/texmf-dist/tex/latex/rerunfilecheck/rerunfilecheck.sty
Package: rerunfilecheck 2022-07-10 v1.10 Rerun checks for auxiliary files (HO)

(/usr/share/texlive/texmf-dist/tex/generic/uniquecounter/uniquecounter.sty
Package: uniquecounter 2019/12/15 v1.4 Provide unlimited unique counter (HO)
)
Package uniquecounter Info: New unique counter `rerunfilecheck' on input line 2
85.
)
\Hy@SectionHShift=\skip54
)
(./songs.sty
Package: songs 2018/09/12 v3.1 Songs package
\SB@dimen=\dimen156
\SB@dimenii=\dimen157
\SB@dimeniii=\dimen158
\SB@dimeniv=\dimen159
\SB@box=\box97
\SB@boxii=\box98
\SB@boxiii=\box99
\SB@toks=\toks20
\SB@cnt=\count291
\SB@cntii=\count292
\SB@skip=\skip55
\SB@envbox=\box100
\c@songnum=\count293
\c@versenum=\count294
\versesep=\skip56
\afterpreludeskip=\skip57
\beforepostludeskip=\skip58
\baselineadj=\skip59
\idxheadwidth=\skip60
\songnumwidth=\skip61
LaTeX Font Info:    Trying to load font information for T1+lmss on input line 1
41.
 (/usr/share/texmf/tex/latex/lm/t1lmss.fd
File: t1lmss.fd 2015/05/01 v1.6.1 Font defs for Latin Modern
)
\versenumwidth=\skip62
\cbarwidth=\skip63
\sbarheight=\skip64
\vvpenalty=\count295
\ccpenalty=\count296
\vcpenalty=\count297
\cvpenalty=\count298
\brkpenalty=\count299
\spenalty=\count300
\minfrets=\count301
\SB@colwidth=\dimen160
\SB@songbox=\box101
\SB@numcols=\count302
\SB@colnum=\count303
\SB@colbox=\box102
\SB@pgbox=\box103
\SB@mrkbox=\box104
\SB@groupcnt=\count304
\SB@titlelist=\toks21
\SB@titletail=\toks22
\SB@parindent=\dimen161
\SB@chorusbox=\box105
\SB@cmarkclass=\marks4
\SB@nocmarkclass=\marks5
\SB@grouplvl=\count305
\SB@transposefactor=\count306
\SB@lyric=\toks23
\SB@numhyps=\count307
\SB@lyricnohyp=\toks24
\SB@lyricbox=\box106
\SB@chordbox=\box107
\SB@cr@=\toks25
\SB@ctail=\toks26
\SB@fretwidth=\skip65
\SB@tabindent=\dimen162
\c@SB@songsnum=\count308
\SB@songwrites=\box108
LaTeX Font Info:    Trying to load font information for OT1+lmr on input line 3
785.

(/usr/share/texmf/tex/latex/lm/ot1lmr.fd
File: ot1lmr.fd 2015/05/01 v1.6.1 Font defs for Latin Modern
)
LaTeX Font Info:    Trying to load font information for OML+lmm on input line 3
785.

(/usr/share/texmf/tex/latex/lm/omllmm.fd
File: omllmm.fd 2015/05/01 v1.6.1 Font defs for Latin Modern
)
LaTeX Font Info:    Trying to load font information for OMS+lmsy on input line 
3785.

(/usr/share/texmf/tex/latex/lm/omslmsy.fd
File: omslmsy.fd 2015/05/01 v1.6.1 Font defs for Latin Modern
)
LaTeX Font Info:    Trying to load font information for OMX+lmex on input line 
3785.

(/usr/share/texmf/tex/latex/lm/omxlmex.fd
File: omxlmex.fd 2015/05/01 v1.6.1 Font defs for Latin Modern
)
LaTeX Font Info:    External font `lmex10' loaded for size
(Font)              <12> on input line 3785.
LaTeX Font Info:    External font `lmex10' loaded for size
(Font)              <8> on input line 3785.
LaTeX Font Info:    External font `lmex10' loaded for size
(Font)              <6> on input line 3785.
LaTeX Font Info:    External font `lmex10' loaded for size
(Font)              <10.95> on input line 3785.
)
\@indexfile=\write3
\openout3 = `songs.idx'.


Writing index file songs.idx
\@glossaryfile=\write4
\openout4 = `songs.glo'.

Writing glossary file songs.glo 
\imode=\count309

! Font \musicfont=musix13 not loadable: Metric (TFM) file not found.
<to be read again> 
                   \relax 
l.76 \newfont\musicfont{musix13}
                                
I wasn't able to read the size data for this font,
so I will ignore the font specification.
[Wizards can fix TFM files using TFtoPL/PLtoTF.]
You might try inserting a different font spec;
e.g., type `I\font<same font id>=<substitute font name>'.


\prodlen=\skip66
\prodbox=\box109
\vcbox=\box110
\vcadjust=\dimen163
\seclevel=\count310
\cnta=\count311
\cntb=\count312
(/usr/share/texlive/texmf-dist/tex/latex/hypdoc/hypdoc.sty
Package: hypdoc 2022-07-03 v1.17 Hyper extensions for doc.sty (HO)


Package hypdoc Warning: hyperref has been loaded before. Check the options! on 
input line 56.

Package hyperref Info: Option `colorlinks' set `true' on input line 66.
Package hyperref Info: Option `plainpages' set `false' on input line 66.
Package hyperref Info: Option `bookmarksopen' set `true' on input line 66.
Package hyperref Info: Option `bookmarksnumbered' set `true' on input line 66.
\c@HD@unique=\count313
\c@HD@hypercount=\count314
\HD@helplength=\skip67
) (/usr/share/texlive/texmf-dist/tex/latex/l3backend/l3backend-pdftex.def
File: l3backend-pdftex.def 2022-07-01 L3 backend support: PDF output (pdfTeX)
\l__color_backend_stack_int=\count315
\l__pdf_internal_box=\box111
)
No file songs.aux.
\openout1 = `songs.aux'.

LaTeX Font Info:    Checking defaults for OML/cmm/m/it on input line 384.
LaTeX Font Info:    ... okay on input line 384.
LaTeX Font Info:    Checking defaults for OMS/cmsy/m/n on input line 384.
LaTeX Font Info:    ... okay on input line 384.
LaTeX Font Info:    Checking defaults for OT1/cmr/m/n on input line 384.
LaTeX Font Info:    ... okay on input line 384.
LaTeX Font Info:    Checking defaults for T1/cmr/m/n on input line 384.
LaTeX Font Info:    ... okay on input line 384.
LaTeX Font Info:    Checking defaults for TS1/cmr/m/n on input line 384.
LaTeX Font Info:    ... okay on input line 384.
LaTeX Font Info:    Checking defaults for OMX/cmex/m/n on input line 384.
LaTeX Font Info:    ... okay on input line 384.
LaTeX Font Info:    Checking defaults for U/cmr/m/n on input line 384.
LaTeX Font Info:    ... okay on input line 384.
LaTeX Font Info:    Checking defaults for PD1/pdf/m/n on input line 384.
LaTeX Font Info:    ... okay on input line 384.
LaTeX Font Info:    Checking defaults for PU/pdf/m/n on input line 384.
LaTeX Font Info:    ... okay on input line 384.
Package doc Info: Made | a short reference for \verb on input line 384.
LaTeX Info: Redefining \microtypecontext on input line 384.
Package microtype Info: Applying patch `item' on input line 384.
Package microtype Info: Applying patch `toc' on input line 384.
Package microtype Info: Applying patch `eqnum' on input line 384.
Package microtype Info: Applying patch `footnote' on input line 384.
Package microtype Info: Generating PDF output.
Package microtype Info: Character protrusion enabled (level 2).
Package microtype Info: Using default protrusion set `alltext'.
Package microtype Info: Automatic font expansion enabled (level 2),
(microtype)             stretch: 20, shrink: 20, step: 1, non-selected.
Package microtype Info: Using default expansion set `alltext-nott'.
LaTeX Info: Redefining \showhyphens on input line 384.
Package microtype Info: No adjustment of tracking.
Package microtype Info: No adjustment of interword spacing.
Package microtype Info: No adjustment of character kerning.
(/usr/share/texlive/texmf-dist/tex/latex/microtype/mt-cmr.cfg
File: mt-cmr.cfg 2013/05/19 v2.2 microtype config. file: Computer Modern Roman 
(RS)
)
(/usr/share/texlive/texmf-dist/tex/context/base/mkii/supp-pdf.mkii
[Loading MPS to PDF converter (version 2006.09.02).]
\scratchcounter=\count316
\scratchdimen=\dimen164
\scratchbox=\box112
\nofMPsegments=\count317
\nofMParguments=\count318
\everyMPshowfont=\toks27
\MPscratchCnt=\count319
\MPscratchDim=\dimen165
\MPnumerator=\count320
\makeMPintoPDFobject=\count321
\everyMPtoPDFconversion=\toks28
)
Package hyperref Info: Link coloring ON on input line 384.
\@outlinefile=\write5
\openout5 = `songs.out'.

Package microtype Info: Loading generic protrusion settings for font family
(microtype)             `lmss' (encoding: T1).
(microtype)             For optimal results, create family-specific settings.
(microtype)             See the microtype manual for details.
\HD@savedest@out=\write6
\openout6 = `songs.hd'.

 (./songs.dtx
***************************
* Character table correct *
***************************
LaTeX Font Info:    External font `lmex10' loaded for size
(Font)              <17.28> on input line 440.
LaTeX Font Info:    External font `lmex10' loaded for size
(Font)              <10> on input line 440.
LaTeX Font Info:    External font `lmex10' loaded for size
(Font)              <5> on input line 440.
LaTeX Font Info:    Trying to load font information for TS1+lmr on input line 4
40.
(/usr/share/texmf/tex/latex/lm/ts1lmr.fd
File: ts1lmr.fd 2015/05/01 v1.6.1 Font defs for Latin Modern
)
LaTeX Font Info:    External font `lmex10' loaded for size
(Font)              <9> on input line 445.
LaTeX Font Info:    External font `lmex10' loaded for size
(Font)              <7> on input line 453.


LaTeX Warning: Reference `sec:license' on page 1 undefined on input line 476.

Package microtype Info: Character `029' is missing
(microtype)             in font `T1/lmr/m/sc/10'.
(microtype)             Ignoring protrusion settings for this character.

LaTeX Warning: Reference `sec:license' on page 1 undefined on input line 484.

LaTeX Font Info:    Trying to load font information for T1+lmtt on input line 4
97.
(/usr/share/texmf/tex/latex/lm/t1lmtt.fd
File: t1lmtt.fd 2015/05/01 v1.6.1 Font defs for Latin Modern
)
Package microtype Info: Loading generic protrusion settings for font family
(microtype)             `lmtt' (encoding: T1).
(microtype)             For optimal results, create family-specific settings.
(microtype)             See the microtype manual for details.
 [1

{/var/lib/texmf/fonts/map/pdftex/updmap/pdftex.map}]

LaTeX Warning: Reference `sec:compiling' on page 2 undefined on input line 550.


LaTeX Font Info:    Trying to load font information for OT1+pzc on input line 5
78.
(/usr/share/texlive/texmf-dist/tex/latex/psnfss/ot1pzc.fd
File: ot1pzc.fd 2020/03/25 font definitions for OT1/pzc.
)

LaTeX Font Warning: Font shape `OT1/pzc/mb/it' undefined
(Font)              using `OT1/pzc/m/n' instead on input line 578.

LaTeX Font Info:    Font shape `OT1/pzc/m/n' in size <10> not available
(Font)              Font shape `OT1/pzc/m/it' tried instead on input line 578.
Package microtype Info: Loading generic protrusion settings for font family
(microtype)             `pzc' (encoding: OT1).
(microtype)             For optimal results, create family-specific settings.
(microtype)             See the microtype manual for details.

Underfull \vbox (badness 1496) detected at line 621
 []


Underfull \vbox (badness 4647) detected at line 622
 []


LaTeX Warning: Reference `fig:sample' on page 2 undefined on input line 627.


LaTeX Warning: Reference `sec:options' on page 2 undefined on input line 630.

[2] [3]

LaTeX Warning: Reference `sec:measures' on page 4 undefined on input line 684.


LaTeX Warning: Reference `sec:notes' on page 4 undefined on input line 703.


LaTeX Warning: Reference `sec:transpose' on page 4 undefined on input line 703.



LaTeX Warning: Reference `sec:idxcust' on page 4 undefined on input line 717.


LaTeX Warning: Reference `sec:scripture' on page 4 undefined on input line 724.


[4]

LaTeX Warning: Reference `sec:scripture' on page 5 undefined on input line 753.



LaTeX Warning: Reference `sec:songs' on page 5 undefined on input line 761.


LaTeX Warning: Reference `sec:indexes' on page 5 undefined on input line 782.


LaTeX Warning: Reference `sec:between' on page 5 undefined on input line 786.


LaTeX Warning: Reference `sec:layout' on page 5 undefined on input line 802.

[5]

LaTeX Warning: Reference `sec:ientry' on page 6 undefined on input line 845.


LaTeX Warning: Reference `sec:newkey' on page 6 undefined on input line 846.

[6]

LaTeX Warning: Reference `sec:compiling' on page 7 undefined on input line 918.



LaTeX Warning: Reference `fig:srsyntax' on page 7 undefined on input line 929.

[7]

LaTeX Warning: Reference `sec:replay' on page 8 undefined on input line 1043.

[8]

LaTeX Warning: Reference `sec:conditionals' on page 9 undefined on input line 1
091.

[9] [10]

LaTeX Warning: Reference `sec:transpose' on page 11 undefined on input line 124
3.

[11]

LaTeX Warning: Reference `sec:conditionals' on page 12 undefined on input line 
1350.

[12]

LaTeX Warning: Reference `sec:conditionals' on page 13 undefined on input line 
1415.

Package microtype Info: Loading generic protrusion settings for font family
(microtype)             `cmss' (encoding: OT1).
(microtype)             For optimal results, create family-specific settings.
(microtype)             See the microtype manual for details.
[13]

LaTeX Warning: Reference `sec:transpose' on page 14 undefined on input line 155
5.

[14]

LaTeX Warning: Reference `sec:replay' on page 15 undefined on input line 1600.

[15] [16]

LaTeX Warning: Reference `sec:notes' on page 17 undefined on input line 1740.


LaTeX Warning: Reference `sec:chords' on page 17 undefined on input line 1760.

[17] [18]

LaTeX Warning: Reference `sec:tablatures' on page 19 undefined on input line 18
99.

[19]

LaTeX Warning: Reference `sec:layout' on page 20 undefined on input line 1944.


LaTeX Warning: Reference `sec:scripture' on page 20 undefined on input line 197
8.


LaTeX Warning: Reference `sec:songs' on page 20 undefined on input line 2003.

LaTeX Font Info:    Font shape `OT1/pzc/mb/it' in size <10> not available
(Font)              Font shape `OT1/pzc/m/it' tried instead on input line 2019.

[20] [21] [22]

LaTeX Warning: Reference `sec:songs' on page 23 undefined on input line 2201.

[23] [24] [25]

LaTeX Warning: Reference `sec:impparams' on page 26 undefined on input line 244
1.

[26] [27]

LaTeX Warning: Reference `sec:songinfo' on page 28 undefined on input line 2641
.


LaTeX Warning: Reference `sec:newkey' on page 28 undefined on input line 2649.

[28]

LaTeX Warning: Reference `sec:impparams' on page 29 undefined on input line 274
7.


LaTeX Warning: Reference `sec:impparams' on page 29 undefined on input line 275
8.

[29]

LaTeX Warning: Reference `tab:conditionals' on page 30 undefined on input line 
2795.

\oldbaselineskip=\skip68
\oldlineskip=\skip69
\oldlineskiplimit=\dimen166
[30] [31]

LaTeX Warning: Reference `sec:sectioning' on page 32 undefined on input line 29
70.

[32] [33]

LaTeX Warning: Reference `sec:indexes' on page 34 undefined on input line 3185.


[34] [35]

LaTeX Warning: Reference `sec:songinfo' on page 36 undefined on input line 3274
.


LaTeX Warning: Reference `sec:numbering' on page 36 undefined on input line 327
6.

[36]

LaTeX Warning: Reference `sec:chordlocals' on page 37 undefined on input line 3
402.

[37] [38] [39]
Package microtype Info: Character `029' is missing
(microtype)             in font `T1/lmr/m/sc/12'.
(microtype)             Ignoring protrusion settings for this character.
 [40] [41] [42]
Package microtype Info: Character `029' is missing
(microtype)             in font `T1/lmr/m/sc/9'.
(microtype)             Ignoring protrusion settings for this character.
 [43] [44]

LaTeX Warning: Reference `sec:impparams' on page 45 undefined on input line 391
1.


LaTeX Warning: Reference `sec:lyricscan' on page 45 undefined on input line 392
1.


LaTeX Warning: Reference `sec:pagebuilder' on page 45 undefined on input line 3
924.


LaTeX Warning: Reference `sec:indexgen' on page 45 undefined on input line 3931
.

[45

] [46] [47] [48] [49] [50] [51]

LaTeX Warning: Reference `sec:optproc' on page 52 undefined on input line 4628.


[52] [53] [54] [55] [56] [57] [58] [59] [60] [61] [62] [63] [64] [65] [66]
[67] [68] [69] [70] [71] [72] [73] [74] [75] [76] [77] [78] [79] [80] [81]
[82] [83] [84] [85] [86] [87] [88] [89] [90] [91] [92] [93] [94] [95] [96]
[97] [98] [99] [100] [101] [102] [103] [104] [105] [106] [107] [108] [109]
[110] [111] [112] [113] [114] [115] [116] [117] [118]

LaTeX Warning: Reference `sec:lyricscan' on page 119 undefined on input line 97
21.

[119] [120] [121] [122] [123] [124] [125] [126] [127] [128] [129] [130]
[131] [132] [133] [134] [135] [136] [137] [138] [139] [140] [141] [142]
[143] [144] [145] [146] [147] [148] [149] [150] [151] [152] [153] [154]
[155]
No file songs.ind.
*******************
* Checksum passed *
*******************
) [156] (./songs.aux)

LaTeX Font Warning: Some font shapes were not available, defaults substituted.


LaTeX Warning: There were undefined references.


LaTeX Warning: Label(s) may have changed. Rerun to get cross-references right.


Package rerunfilecheck Warning: File `songs.out' has changed.
(rerunfilecheck)                Rerun to get outlines right
(rerunfilecheck)                or use package `bookmark'.

Package rerunfilecheck Info: Checksums for `songs.out':
(rerunfilecheck)             Before: <no file>
(rerunfilecheck)             After:  3E3203727929C64C2437A4993FAF0DB1;54880.

Package rerunfilecheck Warning: File `songs.hd' has changed. Rerun.

Package rerunfilecheck Info: Checksums for `songs.hd':
(rerunfilecheck)             Before: <no file>
(rerunfilecheck)             After:  D41D8CD98F00B204E9800998ECF8427E;0.
 ) 
Here is how much of TeX's memory you used:
 18466 strings out of 479983
 245090 string characters out of 5888069
 570283 words of memory out of 5000000
 35120 multiletter control sequences out of 15000+600000
 630510 words of font info for 340 fonts, out of 8000000 for 9000
 16 hyphenation exceptions out of 8191
 72i,13n,77p,1002b,1148s stack positions out of 10000i,1000n,20000p,200000b,200000s
{/usr/share/texmf/fonts/enc/dvips/lm/lm-ec.enc}{/usr/share/texmf/fonts/enc/dv
ips/lm/lm-mathit.enc}{/usr/share/texmf/fonts/enc/dvips/lm/lm-rm.enc}{/usr/share
/texmf/fonts/enc/dvips/lm/lm-ts1.enc}{/usr/share/texlive/texmf-dist/fonts/enc/d
vips/base/8r.enc}{/usr/share/texmf/fonts/enc/dvips/lm/lm-mathsy.enc}</usr/share
/texlive/texmf-dist/fonts/type1/public/amsfonts/cm/cmss10.pfb></usr/share/texli
ve/texmf-dist/fonts/type1/public/amsfonts/cm/cmsy10.pfb></usr/share/texlive/tex
mf-dist/fonts/type1/public/amsfonts/cm/cmsy7.pfb></usr/share/texmf/fonts/type1/
public/lm/lmbx10.pfb></usr/share/texmf/fonts/type1/public/lm/lmbx12.pfb></usr/s
hare/texmf/fonts/type1/public/lm/lmbx5.pfb></usr/share/texmf/fonts/type1/public
/lm/lmbx9.pfb></usr/share/texmf/fonts/type1/public/lm/lmcsc10.pfb></usr/share/t
exmf/fonts/type1/public/lm/lmmi10.pfb></usr/share/texmf/fonts/type1/public/lm/l
mmi12.pfb></usr/share/texmf/fonts/type1/public/lm/lmmi9.pfb></usr/share/texmf/f
onts/type1/public/lm/lmr10.pfb></usr/share/texmf/fonts/type1/public/lm/lmr12.pf
b></usr/share/texmf/fonts/type1/public/lm/lmr17.pfb></usr/share/texmf/fonts/typ
e1/public/lm/lmr5.pfb></usr/share/texmf/fonts/type1/public/lm/lmr6.pfb></usr/sh
are/texmf/fonts/type1/public/lm/lmr7.pfb></usr/share/texmf/fonts/type1/public/l
m/lmr8.pfb></usr/share/texmf/fonts/type1/public/lm/lmr9.pfb></usr/share/texmf/f
onts/type1/public/lm/lmri10.pfb></usr/share/texmf/fonts/type1/public/lm/lmri9.p
fb></usr/share/texmf/fonts/type1/public/lm/lmro10.pfb></usr/share/texmf/fonts/t
ype1/public/lm/lmro8.pfb></usr/share/texmf/fonts/type1/public/lm/lmss10.pfb></u
sr/share/texmf/fonts/type1/public/lm/lmss17.pfb></usr/share/texmf/fonts/type1/p
ublic/lm/lmss8.pfb></usr/share/texmf/fonts/type1/public/lm/lmss9.pfb></usr/shar
e/texmf/fonts/type1/public/lm/lmssbx10.pfb></usr/share/texmf/fonts/type1/public
/lm/lmsso10.pfb></usr/share/texmf/fonts/type1/public/lm/lmsso12.pfb></usr/share
/texmf/fonts/type1/public/lm/lmsso9.pfb></usr/share/texmf/fonts/type1/public/lm
/lmsy10.pfb></usr/share/texmf/fonts/type1/public/lm/lmsy6.pfb></usr/share/texmf
/fonts/type1/public/lm/lmtt10.pfb></usr/share/texmf/fonts/type1/public/lm/lmtt9
.pfb></usr/share/texlive/texmf-dist/fonts/type1/urw/zapfchan/uzcmi8a.pfb>
Output written on songs.pdf (156 pages, 1116363 bytes).
PDF statistics:
 2048 PDF objects out of 2073 (max. 8388607)
 1794 compressed objects within 18 object streams
 877 named destinations out of 1000 (max. 500000)
 96257 words of extra memory for PDF output out of 106986 (max. 10000000)

