\BOOKMARK [1][-]{section.1}{\376\377\0001\000\040\000I\000n\000t\000r\000o\000d\000u\000c\000t\000i\000o\000n}{}% 1
\BOOKMARK [1][-]{section.2}{\376\377\0002\000\040\000T\000e\000r\000m\000s\000\040\000o\000f\000\040\000U\000s\000e}{}% 2
\BOOKMARK [1][-]{section.3}{\376\377\0003\000\040\000S\000a\000m\000p\000l\000e\000\040\000D\000o\000c\000u\000m\000e\000n\000t}{}% 3
\BOOKMARK [1][-]{section.4}{\376\377\0004\000\040\000I\000n\000i\000t\000i\000a\000l\000i\000z\000a\000t\000i\000o\000n\000\040\000a\000n\000d\000\040\000O\000p\000t\000i\000o\000n\000s}{}% 4
\BOOKMARK [2][-]{envdef-lyric.2}{\376\377\000l\000y\000r\000i\000c}{section.4}% 5
\BOOKMARK [2][-]{envdef-chorded.2}{\376\377\000c\000h\000o\000r\000d\000e\000d}{section.4}% 6
\BOOKMARK [2][-]{envdef-slides.2}{\376\377\000s\000l\000i\000d\000e\000s}{section.4}% 7
\BOOKMARK [2][-]{envdef-rawtext.2}{\376\377\000r\000a\000w\000t\000e\000x\000t}{section.4}% 8
\BOOKMARK [2][-]{macdef-chordson.2}{\376\377\000\134\000c\000h\000o\000r\000d\000s\000o\000n}{section.4}% 9
\BOOKMARK [2][-]{macdef-chordsoff.2}{\376\377\000\134\000c\000h\000o\000r\000d\000s\000o\000f\000f}{section.4}% 10
\BOOKMARK [2][-]{macdef-slides.2}{\376\377\000\134\000s\000l\000i\000d\000e\000s}{section.4}% 11
\BOOKMARK [2][-]{envdef-nomeasures.2}{\376\377\000n\000o\000m\000e\000a\000s\000u\000r\000e\000s}{section.4}% 12
\BOOKMARK [2][-]{envdef-showmeasures.2}{\376\377\000s\000h\000o\000w\000m\000e\000a\000s\000u\000r\000e\000s}{section.4}% 13
\BOOKMARK [2][-]{macdef-measureson.2}{\376\377\000\134\000m\000e\000a\000s\000u\000r\000e\000s\000o\000n}{section.4}% 14
\BOOKMARK [2][-]{macdef-measuresoff.2}{\376\377\000\134\000m\000e\000a\000s\000u\000r\000e\000s\000o\000f\000f}{section.4}% 15
\BOOKMARK [2][-]{envdef-transposecapos.2}{\376\377\000t\000r\000a\000n\000s\000p\000o\000s\000e\000c\000a\000p\000o\000s}{section.4}% 16
\BOOKMARK [2][-]{envdef-noindexes.2}{\376\377\000n\000o\000i\000n\000d\000e\000x\000e\000s}{section.4}% 17
\BOOKMARK [2][-]{macdef-indexeson.2}{\376\377\000\134\000i\000n\000d\000e\000x\000e\000s\000o\000n}{section.4}% 18
\BOOKMARK [2][-]{macdef-indexesoff.2}{\376\377\000\134\000i\000n\000d\000e\000x\000e\000s\000o\000f\000f}{section.4}% 19
\BOOKMARK [2][-]{envdef-nopdfindex.2}{\376\377\000n\000o\000p\000d\000f\000i\000n\000d\000e\000x}{section.4}% 20
\BOOKMARK [2][-]{envdef-noscripture.2}{\376\377\000n\000o\000s\000c\000r\000i\000p\000t\000u\000r\000e}{section.4}% 21
\BOOKMARK [2][-]{macdef-scriptureon.2}{\376\377\000\134\000s\000c\000r\000i\000p\000t\000u\000r\000e\000o\000n}{section.4}% 22
\BOOKMARK [2][-]{macdef-scriptureoff.2}{\376\377\000\134\000s\000c\000r\000i\000p\000t\000u\000r\000e\000o\000f\000f}{section.4}% 23
\BOOKMARK [2][-]{envdef-noshading.2}{\376\377\000n\000o\000s\000h\000a\000d\000i\000n\000g}{section.4}% 24
\BOOKMARK [2][-]{macdef-includeonlysongs.2}{\376\377\000\134\000i\000n\000c\000l\000u\000d\000e\000o\000n\000l\000y\000s\000o\000n\000g\000s}{section.4}% 25
\BOOKMARK [1][-]{section.5}{\376\377\0005\000\040\000S\000o\000n\000g\000s}{}% 26
\BOOKMARK [2][-]{subsection.5.1}{\376\377\0005\000.\0001\000\040\000B\000e\000g\000i\000n\000n\000i\000n\000g\000\040\000a\000\040\000S\000o\000n\000g}{section.5}% 27
\BOOKMARK [3][-]{envdef-songs.3}{\376\377\000s\000o\000n\000g\000s}{subsection.5.1}% 28
\BOOKMARK [3][-]{macdef-beginsong.3}{\376\377\000\134\000b\000e\000g\000i\000n\000s\000o\000n\000g}{subsection.5.1}% 29
\BOOKMARK [3][-]{macdef-endsong.3}{\376\377\000\134\000e\000n\000d\000s\000o\000n\000g}{subsection.5.1}% 30
\BOOKMARK [3][-]{envdef-by=.3}{\376\377\000b\000y\000=}{subsection.5.1}% 31
\BOOKMARK [3][-]{envdef-cr=.3}{\376\377\000c\000r\000=}{subsection.5.1}% 32
\BOOKMARK [3][-]{envdef-li=.3}{\376\377\000l\000i\000=}{subsection.5.1}% 33
\BOOKMARK [3][-]{macdef-setlicense.3}{\376\377\000\134\000s\000e\000t\000l\000i\000c\000e\000n\000s\000e}{subsection.5.1}% 34
\BOOKMARK [3][-]{envdef-sr=.3}{\376\377\000s\000r\000=}{subsection.5.1}% 35
\BOOKMARK [2][-]{subsection.5.2}{\376\377\0005\000.\0002\000\040\000V\000e\000r\000s\000e\000s\000\040\000a\000n\000d\000\040\000C\000h\000o\000r\000u\000s\000e\000s}{section.5}% 36
\BOOKMARK [3][-]{macdef-beginverse.3}{\376\377\000\134\000b\000e\000g\000i\000n\000v\000e\000r\000s\000e}{subsection.5.2}% 37
\BOOKMARK [3][-]{macdef-endverse.3}{\376\377\000\134\000e\000n\000d\000v\000e\000r\000s\000e}{subsection.5.2}% 38
\BOOKMARK [3][-]{macdef-beginchorus.3}{\376\377\000\134\000b\000e\000g\000i\000n\000c\000h\000o\000r\000u\000s}{subsection.5.2}% 39
\BOOKMARK [3][-]{macdef-endchorus.3}{\376\377\000\134\000e\000n\000d\000c\000h\000o\000r\000u\000s}{subsection.5.2}% 40
\BOOKMARK [2][-]{subsection.5.3}{\376\377\0005\000.\0003\000\040\000C\000h\000o\000r\000d\000s}{section.5}% 41
\BOOKMARK [3][-]{macdef-[.3}{\376\377\000\134\000[}{subsection.5.3}% 42
\BOOKMARK [3][-]{hashdef.3}{\376\377\043}{subsection.5.3}% 43
\BOOKMARK [3][-]{ampdef.3}{\376\377\046}{subsection.5.3}% 44
\BOOKMARK [3][-]{macdef-nolyrics.3}{\376\377\000\134\000n\000o\000l\000y\000r\000i\000c\000s}{subsection.5.3}% 45
\BOOKMARK [3][-]{macdef-DeclareLyricChar.3}{\376\377\000\134\000D\000e\000c\000l\000a\000r\000e\000L\000y\000r\000i\000c\000C\000h\000a\000r}{subsection.5.3}% 46
\BOOKMARK [3][-]{macdef-DeclareNonLyric.3}{\376\377\000\134\000D\000e\000c\000l\000a\000r\000e\000N\000o\000n\000L\000y\000r\000i\000c}{subsection.5.3}% 47
\BOOKMARK [3][-]{macdef-DeclareNoHyphen.3}{\376\377\000\134\000D\000e\000c\000l\000a\000r\000e\000N\000o\000H\000y\000p\000h\000e\000n}{subsection.5.3}% 48
\BOOKMARK [3][-]{macdef-MultiwordChords.3}{\376\377\000\134\000M\000u\000l\000t\000i\000w\000o\000r\000d\000C\000h\000o\000r\000d\000s}{subsection.5.3}% 49
\BOOKMARK [3][-]{macdef-shrp.3}{\376\377\000\134\000s\000h\000r\000p}{subsection.5.3}% 50
\BOOKMARK [3][-]{macdef-flt.3}{\376\377\000\134\000f\000l\000t}{subsection.5.3}% 51
\BOOKMARK [2][-]{subsection.5.4}{\376\377\0005\000.\0004\000\040\000R\000e\000p\000l\000a\000y\000i\000n\000g\000\040\000C\000h\000o\000r\000d\000s\000\040\000a\000n\000d\000\040\000C\000h\000o\000r\000u\000s\000e\000s}{section.5}% 52
\BOOKMARK [3][-]{hatdef.3}{\376\377\136}{subsection.5.4}% 53
\BOOKMARK [3][-]{macdef-memorize.3}{\376\377\000\134\000m\000e\000m\000o\000r\000i\000z\000e}{subsection.5.4}% 54
\BOOKMARK [3][-]{macdef-newchords.3}{\376\377\000\134\000n\000e\000w\000c\000h\000o\000r\000d\000s}{subsection.5.4}% 55
\BOOKMARK [3][-]{macdef-replay.3}{\376\377\000\134\000r\000e\000p\000l\000a\000y}{subsection.5.4}% 56
\BOOKMARK [3][-]{macdef-repchoruses.3}{\376\377\000\134\000r\000e\000p\000c\000h\000o\000r\000u\000s\000e\000s}{subsection.5.4}% 57
\BOOKMARK [3][-]{macdef-norepchoruses.3}{\376\377\000\134\000n\000o\000r\000e\000p\000c\000h\000o\000r\000u\000s\000e\000s}{subsection.5.4}% 58
\BOOKMARK [2][-]{subsection.5.5}{\376\377\0005\000.\0005\000\040\000L\000i\000n\000e\000\040\000a\000n\000d\000\040\000C\000o\000l\000u\000m\000n\000\040\000B\000r\000e\000a\000k\000s}{section.5}% 59
\BOOKMARK [3][-]{macdef-brk.3}{\376\377\000\134\000b\000r\000k}{subsection.5.5}% 60
\BOOKMARK [3][-]{macdef-nextcol.3}{\376\377\000\134\000n\000e\000x\000t\000c\000o\000l}{subsection.5.5}% 61
\BOOKMARK [3][-]{macdef-sclearpage.3}{\376\377\000\134\000s\000c\000l\000e\000a\000r\000p\000a\000g\000e}{subsection.5.5}% 62
\BOOKMARK [3][-]{macdef-scleardpage.3}{\376\377\000\134\000s\000c\000l\000e\000a\000r\000d\000p\000a\000g\000e}{subsection.5.5}% 63
\BOOKMARK [2][-]{subsection.5.6}{\376\377\0005\000.\0006\000\040\000E\000c\000h\000o\000e\000s\000\040\000a\000n\000d\000\040\000R\000e\000p\000e\000a\000t\000s}{section.5}% 64
\BOOKMARK [3][-]{macdef-echo.3}{\376\377\000\134\000e\000c\000h\000o}{subsection.5.6}% 65
\BOOKMARK [3][-]{macdef-rep.3}{\376\377\000\134\000r\000e\000p}{subsection.5.6}% 66
\BOOKMARK [3][-]{macdef-lrep.3}{\376\377\000\134\000l\000r\000e\000p}{subsection.5.6}% 67
\BOOKMARK [3][-]{macdef-rrep.3}{\376\377\000\134\000r\000r\000e\000p}{subsection.5.6}% 68
\BOOKMARK [2][-]{subsection.5.7}{\376\377\0005\000.\0007\000\040\000M\000e\000a\000s\000u\000r\000e\000\040\000B\000a\000r\000s}{section.5}% 69
\BOOKMARK [3][-]{macdef-measurebar.3}{\376\377\000\134\000m\000e\000a\000s\000u\000r\000e\000b\000a\000r}{subsection.5.7}% 70
\BOOKMARK [3][-]{pipedef.3}{\376\377\174}{subsection.5.7}% 71
\BOOKMARK [3][-]{macdef-meter.3}{\376\377\000\134\000m\000e\000t\000e\000r}{subsection.5.7}% 72
\BOOKMARK [3][-]{macdef-mbar.3}{\376\377\000\134\000m\000b\000a\000r}{subsection.5.7}% 73
\BOOKMARK [2][-]{subsection.5.8}{\376\377\0005\000.\0008\000\040\000T\000e\000x\000t\000u\000a\000l\000\040\000N\000o\000t\000e\000s}{section.5}% 74
\BOOKMARK [3][-]{macdef-textnote.3}{\376\377\000\134\000t\000e\000x\000t\000n\000o\000t\000e}{subsection.5.8}% 75
\BOOKMARK [3][-]{macdef-musicnote.3}{\376\377\000\134\000m\000u\000s\000i\000c\000n\000o\000t\000e}{subsection.5.8}% 76
\BOOKMARK [3][-]{macdef-capo.3}{\376\377\000\134\000c\000a\000p\000o}{subsection.5.8}% 77
\BOOKMARK [2][-]{subsection.5.9}{\376\377\0005\000.\0009\000\040\000C\000h\000o\000r\000d\000s\000\040\000i\000n\000\040\000L\000i\000g\000a\000t\000u\000r\000e\000s}{section.5}% 78
\BOOKMARK [3][-]{macdef-ch.3}{\376\377\000\134\000c\000h}{subsection.5.9}% 79
\BOOKMARK [3][-]{macdef-mch.3}{\376\377\000\134\000m\000c\000h}{subsection.5.9}% 80
\BOOKMARK [1][-]{section.6}{\376\377\0006\000\040\000G\000u\000i\000t\000a\000r\000\040\000T\000a\000b\000l\000a\000t\000u\000r\000e\000s}{}% 81
\BOOKMARK [2][-]{macdef-gtab.2}{\376\377\000\134\000g\000t\000a\000b}{section.6}% 82
\BOOKMARK [2][-]{macdef-minfrets.2}{\376\377\000\134\000m\000i\000n\000f\000r\000e\000t\000s}{section.6}% 83
\BOOKMARK [1][-]{section.7}{\376\377\0007\000\040\000A\000u\000t\000o\000m\000a\000t\000i\000c\000\040\000T\000r\000a\000n\000s\000p\000o\000s\000i\000t\000i\000o\000n}{}% 84
\BOOKMARK [2][-]{macdef-transpose.2}{\376\377\000\134\000t\000r\000a\000n\000s\000p\000o\000s\000e}{section.7}% 85
\BOOKMARK [2][-]{macdef-preferflats.2}{\376\377\000\134\000p\000r\000e\000f\000e\000r\000f\000l\000a\000t\000s}{section.7}% 86
\BOOKMARK [2][-]{macdef-prefersharps.2}{\376\377\000\134\000p\000r\000e\000f\000e\000r\000s\000h\000a\000r\000p\000s}{section.7}% 87
\BOOKMARK [2][-]{macdef-trchordformat.2}{\376\377\000\134\000t\000r\000c\000h\000o\000r\000d\000f\000o\000r\000m\000a\000t}{section.7}% 88
\BOOKMARK [2][-]{macdef-solfedge.2}{\376\377\000\134\000s\000o\000l\000f\000e\000d\000g\000e}{section.7}% 89
\BOOKMARK [2][-]{macdef-alphascale.2}{\376\377\000\134\000a\000l\000p\000h\000a\000s\000c\000a\000l\000e}{section.7}% 90
\BOOKMARK [2][-]{macdef-notenames.2}{\376\377\000\134\000n\000o\000t\000e\000n\000a\000m\000e\000s}{section.7}% 91
\BOOKMARK [2][-]{macdef-notenamesin.2}{\376\377\000\134\000n\000o\000t\000e\000n\000a\000m\000e\000s\000i\000n}{section.7}% 92
\BOOKMARK [2][-]{macdef-notenamesout.2}{\376\377\000\134\000n\000o\000t\000e\000n\000a\000m\000e\000s\000o\000u\000t}{section.7}% 93
\BOOKMARK [2][-]{macdef-transposehere.2}{\376\377\000\134\000t\000r\000a\000n\000s\000p\000o\000s\000e\000h\000e\000r\000e}{section.7}% 94
\BOOKMARK [2][-]{macdef-notrans.2}{\376\377\000\134\000n\000o\000t\000r\000a\000n\000s}{section.7}% 95
\BOOKMARK [2][-]{macdef-gtabtrans.2}{\376\377\000\134\000g\000t\000a\000b\000t\000r\000a\000n\000s}{section.7}% 96
\BOOKMARK [1][-]{section.8}{\376\377\0008\000\040\000B\000e\000t\000w\000e\000e\000n\000\040\000S\000o\000n\000g\000s}{}% 97
\BOOKMARK [2][-]{subsection.8.1}{\376\377\0008\000.\0001\000\040\000I\000n\000t\000e\000r\000s\000o\000n\000g\000\040\000D\000i\000s\000p\000l\000a\000y\000s}{section.8}% 98
\BOOKMARK [3][-]{envdef-intersong.3}{\376\377\000i\000n\000t\000e\000r\000s\000o\000n\000g}{subsection.8.1}% 99
\BOOKMARK [3][-]{envdef-intersong*.3}{\376\377\000i\000n\000t\000e\000r\000s\000o\000n\000g\000*}{subsection.8.1}% 100
\BOOKMARK [3][-]{envdef-songgroup.3}{\376\377\000s\000o\000n\000g\000g\000r\000o\000u\000p}{subsection.8.1}% 101
\BOOKMARK [2][-]{subsection.8.2}{\376\377\0008\000.\0002\000\040\000S\000c\000r\000i\000p\000t\000u\000r\000e\000\040\000Q\000u\000o\000t\000a\000t\000i\000o\000n\000s}{section.8}% 102
\BOOKMARK [3][-]{macdef-beginscripture.3}{\376\377\000\134\000b\000e\000g\000i\000n\000s\000c\000r\000i\000p\000t\000u\000r\000e}{subsection.8.2}% 103
\BOOKMARK [3][-]{macdef-endscripture.3}{\376\377\000\134\000e\000n\000d\000s\000c\000r\000i\000p\000t\000u\000r\000e}{subsection.8.2}% 104
\BOOKMARK [3][-]{macdef-Acolon.3}{\376\377\000\134\000A\000c\000o\000l\000o\000n}{subsection.8.2}% 105
\BOOKMARK [3][-]{macdef-Bcolon.3}{\376\377\000\134\000B\000c\000o\000l\000o\000n}{subsection.8.2}% 106
\BOOKMARK [3][-]{macdef-strophe.3}{\376\377\000\134\000s\000t\000r\000o\000p\000h\000e}{subsection.8.2}% 107
\BOOKMARK [3][-]{macdef-scripindent.3}{\376\377\000\134\000s\000c\000r\000i\000p\000i\000n\000d\000e\000n\000t}{subsection.8.2}% 108
\BOOKMARK [3][-]{macdef-scripoutdent.3}{\376\377\000\134\000s\000c\000r\000i\000p\000o\000u\000t\000d\000e\000n\000t}{subsection.8.2}% 109
\BOOKMARK [1][-]{section.9}{\376\377\0009\000\040\000C\000h\000a\000p\000t\000e\000r\000s\000\040\000a\000n\000d\000\040\000S\000e\000c\000t\000i\000o\000n\000s}{}% 110
\BOOKMARK [2][-]{macdef-songsection.2}{\376\377\000\134\000s\000o\000n\000g\000s\000e\000c\000t\000i\000o\000n}{section.9}% 111
\BOOKMARK [2][-]{macdef-songchapter.2}{\376\377\000\134\000s\000o\000n\000g\000c\000h\000a\000p\000t\000e\000r}{section.9}% 112
\BOOKMARK [1][-]{section.10}{\376\377\0001\0000\000\040\000I\000n\000d\000e\000x\000e\000s}{}% 113
\BOOKMARK [2][-]{subsection.10.1}{\376\377\0001\0000\000.\0001\000\040\000I\000n\000d\000e\000x\000\040\000C\000r\000e\000a\000t\000i\000o\000n}{section.10}% 114
\BOOKMARK [3][-]{macdef-newindex.3}{\376\377\000\134\000n\000e\000w\000i\000n\000d\000e\000x}{subsection.10.1}% 115
\BOOKMARK [3][-]{macdef-newauthorindex.3}{\376\377\000\134\000n\000e\000w\000a\000u\000t\000h\000o\000r\000i\000n\000d\000e\000x}{subsection.10.1}% 116
\BOOKMARK [3][-]{macdef-newscripindex.3}{\376\377\000\134\000n\000e\000w\000s\000c\000r\000i\000p\000i\000n\000d\000e\000x}{subsection.10.1}% 117
\BOOKMARK [3][-]{macdef-showindex.3}{\376\377\000\134\000s\000h\000o\000w\000i\000n\000d\000e\000x}{subsection.10.1}% 118
\BOOKMARK [2][-]{subsection.10.2}{\376\377\0001\0000\000.\0002\000\040\000I\000n\000d\000e\000x\000\040\000E\000n\000t\000r\000i\000e\000s}{section.10}% 119
\BOOKMARK [3][-]{envdef-index=.3}{\376\377\000i\000n\000d\000e\000x\000=}{subsection.10.2}% 120
\BOOKMARK [3][-]{envdef-ititle=.3}{\376\377\000i\000t\000i\000t\000l\000e\000=}{subsection.10.2}% 121
\BOOKMARK [3][-]{macdef-indexentry.3}{\376\377\000\134\000i\000n\000d\000e\000x\000e\000n\000t\000r\000y}{subsection.10.2}% 122
\BOOKMARK [3][-]{macdef-indextitleentry.3}{\376\377\000\134\000i\000n\000d\000e\000x\000t\000i\000t\000l\000e\000e\000n\000t\000r\000y}{subsection.10.2}% 123
\BOOKMARK [2][-]{subsection.10.3}{\376\377\0001\0000\000.\0003\000\040\000C\000o\000m\000p\000i\000l\000i\000n\000g}{section.10}% 124
\BOOKMARK [1][-]{section.11}{\376\377\0001\0001\000\040\000C\000u\000s\000t\000o\000m\000i\000z\000i\000n\000g\000\040\000t\000h\000e\000\040\000B\000o\000o\000k}{}% 125
\BOOKMARK [2][-]{subsection.11.1}{\376\377\0001\0001\000.\0001\000\040\000S\000o\000n\000g\000\040\000a\000n\000d\000\040\000V\000e\000r\000s\000e\000\040\000N\000u\000m\000b\000e\000r\000i\000n\000g}{section.11}% 126
\BOOKMARK [3][-]{envdef-songnum.3}{\376\377\000s\000o\000n\000g\000n\000u\000m}{subsection.11.1}% 127
\BOOKMARK [3][-]{macdef-thesongnum.3}{\376\377\000\134\000t\000h\000e\000s\000o\000n\000g\000n\000u\000m}{subsection.11.1}% 128
\BOOKMARK [3][-]{macdef-printsongnum.3}{\376\377\000\134\000p\000r\000i\000n\000t\000s\000o\000n\000g\000n\000u\000m}{subsection.11.1}% 129
\BOOKMARK [3][-]{macdef-songnumwidth.3}{\376\377\000\134\000s\000o\000n\000g\000n\000u\000m\000w\000i\000d\000t\000h}{subsection.11.1}% 130
\BOOKMARK [3][-]{macdef-nosongnumbers.3}{\376\377\000\134\000n\000o\000s\000o\000n\000g\000n\000u\000m\000b\000e\000r\000s}{subsection.11.1}% 131
\BOOKMARK [3][-]{envdef-versenum.3}{\376\377\000v\000e\000r\000s\000e\000n\000u\000m}{subsection.11.1}% 132
\BOOKMARK [3][-]{macdef-theversenum.3}{\376\377\000\134\000t\000h\000e\000v\000e\000r\000s\000e\000n\000u\000m}{subsection.11.1}% 133
\BOOKMARK [3][-]{macdef-printversenum.3}{\376\377\000\134\000p\000r\000i\000n\000t\000v\000e\000r\000s\000e\000n\000u\000m}{subsection.11.1}% 134
\BOOKMARK [3][-]{macdef-versenumwidth.3}{\376\377\000\134\000v\000e\000r\000s\000e\000n\000u\000m\000w\000i\000d\000t\000h}{subsection.11.1}% 135
\BOOKMARK [3][-]{macdef-noversenumbers.3}{\376\377\000\134\000n\000o\000v\000e\000r\000s\000e\000n\000u\000m\000b\000e\000r\000s}{subsection.11.1}% 136
\BOOKMARK [3][-]{macdef-placeversenum.3}{\376\377\000\134\000p\000l\000a\000c\000e\000v\000e\000r\000s\000e\000n\000u\000m}{subsection.11.1}% 137
\BOOKMARK [2][-]{subsection.11.2}{\376\377\0001\0001\000.\0002\000\040\000S\000o\000n\000g\000\040\000A\000p\000p\000e\000a\000r\000a\000n\000c\000e}{section.11}% 138
\BOOKMARK [3][-]{macdef-lyricfont.3}{\376\377\000\134\000l\000y\000r\000i\000c\000f\000o\000n\000t}{subsection.11.2}% 139
\BOOKMARK [3][-]{macdef-stitlefont.3}{\376\377\000\134\000s\000t\000i\000t\000l\000e\000f\000o\000n\000t}{subsection.11.2}% 140
\BOOKMARK [3][-]{macdef-versefont.3}{\376\377\000\134\000v\000e\000r\000s\000e\000f\000o\000n\000t}{subsection.11.2}% 141
\BOOKMARK [3][-]{macdef-chorusfont.3}{\376\377\000\134\000c\000h\000o\000r\000u\000s\000f\000o\000n\000t}{subsection.11.2}% 142
\BOOKMARK [3][-]{macdef-meterfont.3}{\376\377\000\134\000m\000e\000t\000e\000r\000f\000o\000n\000t}{subsection.11.2}% 143
\BOOKMARK [3][-]{macdef-echofont.3}{\376\377\000\134\000e\000c\000h\000o\000f\000o\000n\000t}{subsection.11.2}% 144
\BOOKMARK [3][-]{macdef-notefont.3}{\376\377\000\134\000n\000o\000t\000e\000f\000o\000n\000t}{subsection.11.2}% 145
\BOOKMARK [3][-]{macdef-notebgcolor.3}{\376\377\000\134\000n\000o\000t\000e\000b\000g\000c\000o\000l\000o\000r}{subsection.11.2}% 146
\BOOKMARK [3][-]{macdef-snumbgcolor.3}{\376\377\000\134\000s\000n\000u\000m\000b\000g\000c\000o\000l\000o\000r}{subsection.11.2}% 147
\BOOKMARK [3][-]{macdef-printchord.3}{\376\377\000\134\000p\000r\000i\000n\000t\000c\000h\000o\000r\000d}{subsection.11.2}% 148
\BOOKMARK [3][-]{macdef-sharpsymbol.3}{\376\377\000\134\000s\000h\000a\000r\000p\000s\000y\000m\000b\000o\000l}{subsection.11.2}% 149
\BOOKMARK [3][-]{macdef-flatsymbol.3}{\376\377\000\134\000f\000l\000a\000t\000s\000y\000m\000b\000o\000l}{subsection.11.2}% 150
\BOOKMARK [3][-]{macdef-everyverse.3}{\376\377\000\134\000e\000v\000e\000r\000y\000v\000e\000r\000s\000e}{subsection.11.2}% 151
\BOOKMARK [3][-]{macdef-everychorus.3}{\376\377\000\134\000e\000v\000e\000r\000y\000c\000h\000o\000r\000u\000s}{subsection.11.2}% 152
\BOOKMARK [3][-]{macdef-versesep.3}{\376\377\000\134\000v\000e\000r\000s\000e\000s\000e\000p}{subsection.11.2}% 153
\BOOKMARK [3][-]{macdef-afterpreludeskip.3}{\376\377\000\134\000a\000f\000t\000e\000r\000p\000r\000e\000l\000u\000d\000e\000s\000k\000i\000p}{subsection.11.2}% 154
\BOOKMARK [3][-]{macdef-beforepostludeskip.3}{\376\377\000\134\000b\000e\000f\000o\000r\000e\000p\000o\000s\000t\000l\000u\000d\000e\000s\000k\000i\000p}{subsection.11.2}% 155
\BOOKMARK [3][-]{macdef-baselineadj.3}{\376\377\000\134\000b\000a\000s\000e\000l\000i\000n\000e\000a\000d\000j}{subsection.11.2}% 156
\BOOKMARK [3][-]{macdef-clineparams.3}{\376\377\000\134\000c\000l\000i\000n\000e\000p\000a\000r\000a\000m\000s}{subsection.11.2}% 157
\BOOKMARK [3][-]{macdef-cbarwidth.3}{\376\377\000\134\000c\000b\000a\000r\000w\000i\000d\000t\000h}{subsection.11.2}% 158
\BOOKMARK [3][-]{macdef-sbarheight.3}{\376\377\000\134\000s\000b\000a\000r\000h\000e\000i\000g\000h\000t}{subsection.11.2}% 159
\BOOKMARK [3][-]{macdef-extendprelude.3}{\376\377\000\134\000e\000x\000t\000e\000n\000d\000p\000r\000e\000l\000u\000d\000e}{subsection.11.2}% 160
\BOOKMARK [3][-]{macdef-showauthors.3}{\376\377\000\134\000s\000h\000o\000w\000a\000u\000t\000h\000o\000r\000s}{subsection.11.2}% 161
\BOOKMARK [3][-]{macdef-showrefs.3}{\376\377\000\134\000s\000h\000o\000w\000r\000e\000f\000s}{subsection.11.2}% 162
\BOOKMARK [3][-]{macdef-extendpostlude.3}{\376\377\000\134\000e\000x\000t\000e\000n\000d\000p\000o\000s\000t\000l\000u\000d\000e}{subsection.11.2}% 163
\BOOKMARK [3][-]{macdef-makeprelude.3}{\376\377\000\134\000m\000a\000k\000e\000p\000r\000e\000l\000u\000d\000e}{subsection.11.2}% 164
\BOOKMARK [3][-]{macdef-makepostlude.3}{\376\377\000\134\000m\000a\000k\000e\000p\000o\000s\000t\000l\000u\000d\000e}{subsection.11.2}% 165
\BOOKMARK [3][-]{macdef-vvpenalty.3}{\376\377\000\134\000v\000v\000p\000e\000n\000a\000l\000t\000y}{subsection.11.2}% 166
\BOOKMARK [3][-]{macdef-ccpenalty.3}{\376\377\000\134\000c\000c\000p\000e\000n\000a\000l\000t\000y}{subsection.11.2}% 167
\BOOKMARK [3][-]{macdef-vcpenalty.3}{\376\377\000\134\000v\000c\000p\000e\000n\000a\000l\000t\000y}{subsection.11.2}% 168
\BOOKMARK [3][-]{macdef-cvpenalty.3}{\376\377\000\134\000c\000v\000p\000e\000n\000a\000l\000t\000y}{subsection.11.2}% 169
\BOOKMARK [3][-]{macdef-brkpenalty.3}{\376\377\000\134\000b\000r\000k\000p\000e\000n\000a\000l\000t\000y}{subsection.11.2}% 170
\BOOKMARK [3][-]{macdef-sepverses.3}{\376\377\000\134\000s\000e\000p\000v\000e\000r\000s\000e\000s}{subsection.11.2}% 171
\BOOKMARK [3][-]{macdef-versejustify.3}{\376\377\000\134\000v\000e\000r\000s\000e\000j\000u\000s\000t\000i\000f\000y}{subsection.11.2}% 172
\BOOKMARK [3][-]{macdef-chorusjustify.3}{\376\377\000\134\000c\000h\000o\000r\000u\000s\000j\000u\000s\000t\000i\000f\000y}{subsection.11.2}% 173
\BOOKMARK [3][-]{macdef-justifyleft.3}{\376\377\000\134\000j\000u\000s\000t\000i\000f\000y\000l\000e\000f\000t}{subsection.11.2}% 174
\BOOKMARK [3][-]{macdef-justifycenter.3}{\376\377\000\134\000j\000u\000s\000t\000i\000f\000y\000c\000e\000n\000t\000e\000r}{subsection.11.2}% 175
\BOOKMARK [3][-]{macdef-notejustify.3}{\376\377\000\134\000n\000o\000t\000e\000j\000u\000s\000t\000i\000f\000y}{subsection.11.2}% 176
\BOOKMARK [3][-]{macdef-placenote.3}{\376\377\000\134\000p\000l\000a\000c\000e\000n\000o\000t\000e}{subsection.11.2}% 177
\BOOKMARK [2][-]{subsection.11.3}{\376\377\0001\0001\000.\0003\000\040\000S\000c\000r\000i\000p\000t\000u\000r\000e\000\040\000A\000p\000p\000e\000a\000r\000a\000n\000c\000e}{section.11}% 178
\BOOKMARK [3][-]{macdef-scripturefont.3}{\376\377\000\134\000s\000c\000r\000i\000p\000t\000u\000r\000e\000f\000o\000n\000t}{subsection.11.3}% 179
\BOOKMARK [3][-]{macdef-printscrcite.3}{\376\377\000\134\000p\000r\000i\000n\000t\000s\000c\000r\000c\000i\000t\000e}{subsection.11.3}% 180
\BOOKMARK [2][-]{subsection.11.4}{\376\377\0001\0001\000.\0004\000\040\000C\000o\000n\000d\000i\000t\000i\000o\000n\000a\000l\000\040\000B\000l\000o\000c\000k\000s}{section.11}% 181
\BOOKMARK [3][-]{macdef-if.3}{\376\377\000\134\000i\000f\000.\000.\000.}{subsection.11.4}% 182
\BOOKMARK [2][-]{subsection.11.5}{\376\377\0001\0001\000.\0005\000\040\000P\000a\000g\000e\000\040\000L\000a\000y\000o\000u\000t}{section.11}% 183
\BOOKMARK [3][-]{macdef-songcolumns.3}{\376\377\000\134\000s\000o\000n\000g\000c\000o\000l\000u\000m\000n\000s}{subsection.11.5}% 184
\BOOKMARK [3][-]{macdef-pagepreludes.3}{\376\377\000\134\000p\000a\000g\000e\000p\000r\000e\000l\000u\000d\000e\000s}{subsection.11.5}% 185
\BOOKMARK [3][-]{macdef-columnsep.3}{\376\377\000\134\000c\000o\000l\000u\000m\000n\000s\000e\000p}{subsection.11.5}% 186
\BOOKMARK [3][-]{macdef-colbotglue.3}{\376\377\000\134\000c\000o\000l\000b\000o\000t\000g\000l\000u\000e}{subsection.11.5}% 187
\BOOKMARK [3][-]{macdef-lastcolglue.3}{\376\377\000\134\000l\000a\000s\000t\000c\000o\000l\000g\000l\000u\000e}{subsection.11.5}% 188
\BOOKMARK [3][-]{macdef-songpos.3}{\376\377\000\134\000s\000o\000n\000g\000p\000o\000s}{subsection.11.5}% 189
\BOOKMARK [3][-]{macdef-spenalty.3}{\376\377\000\134\000s\000p\000e\000n\000a\000l\000t\000y}{subsection.11.5}% 190
\BOOKMARK [2][-]{subsection.11.6}{\376\377\0001\0001\000.\0006\000\040\000I\000n\000d\000e\000x\000e\000s}{section.11}% 191
\BOOKMARK [3][-]{subsubsection.11.6.1}{\376\377\0001\0001\000.\0006\000.\0001\000\040\000I\000n\000d\000e\000x\000\040\000A\000p\000p\000e\000a\000r\000a\000n\000c\000e}{subsection.11.6}% 192
\BOOKMARK [4][-]{macdef-sepindexestrue.4}{\376\377\000\134\000s\000e\000p\000i\000n\000d\000e\000x\000e\000s\000t\000r\000u\000e}{subsubsection.11.6.1}% 193
\BOOKMARK [4][-]{macdef-sepindexesfalse.4}{\376\377\000\134\000s\000e\000p\000i\000n\000d\000e\000x\000e\000s\000f\000a\000l\000s\000e}{subsubsection.11.6.1}% 194
\BOOKMARK [4][-]{macdef-idxheadwidth.4}{\376\377\000\134\000i\000d\000x\000h\000e\000a\000d\000w\000i\000d\000t\000h}{subsubsection.11.6.1}% 195
\BOOKMARK [4][-]{macdef-idxrefsfont.4}{\376\377\000\134\000i\000d\000x\000r\000e\000f\000s\000f\000o\000n\000t}{subsubsection.11.6.1}% 196
\BOOKMARK [4][-]{macdef-idxtitlefont.4}{\376\377\000\134\000i\000d\000x\000t\000i\000t\000l\000e\000f\000o\000n\000t}{subsubsection.11.6.1}% 197
\BOOKMARK [4][-]{macdef-idxlyricfont.4}{\376\377\000\134\000i\000d\000x\000l\000y\000r\000i\000c\000f\000o\000n\000t}{subsubsection.11.6.1}% 198
\BOOKMARK [4][-]{macdef-idxheadfont.4}{\376\377\000\134\000i\000d\000x\000h\000e\000a\000d\000f\000o\000n\000t}{subsubsection.11.6.1}% 199
\BOOKMARK [4][-]{macdef-idxbgcolor.4}{\376\377\000\134\000i\000d\000x\000b\000g\000c\000o\000l\000o\000r}{subsubsection.11.6.1}% 200
\BOOKMARK [4][-]{macdef-idxauthfont.4}{\376\377\000\134\000i\000d\000x\000a\000u\000t\000h\000f\000o\000n\000t}{subsubsection.11.6.1}% 201
\BOOKMARK [4][-]{macdef-idxscripfont.4}{\376\377\000\134\000i\000d\000x\000s\000c\000r\000i\000p\000f\000o\000n\000t}{subsubsection.11.6.1}% 202
\BOOKMARK [4][-]{macdef-idxbook.4}{\376\377\000\134\000i\000d\000x\000b\000o\000o\000k}{subsubsection.11.6.1}% 203
\BOOKMARK [4][-]{macdef-idxcont.4}{\376\377\000\134\000i\000d\000x\000c\000o\000n\000t}{subsubsection.11.6.1}% 204
\BOOKMARK [3][-]{subsubsection.11.6.2}{\376\377\0001\0001\000.\0006\000.\0002\000\040\000E\000n\000t\000r\000y\000\040\000R\000e\000f\000e\000r\000e\000n\000c\000e\000s}{subsection.11.6}% 205
\BOOKMARK [4][-]{macdef-indexsongsas.4}{\376\377\000\134\000i\000n\000d\000e\000x\000s\000o\000n\000g\000s\000a\000s}{subsubsection.11.6.2}% 206
\BOOKMARK [3][-]{subsubsection.11.6.3}{\376\377\0001\0001\000.\0006\000.\0003\000\040\000P\000D\000F\000\040\000B\000o\000o\000k\000m\000a\000r\000k\000s\000\040\000a\000n\000d\000\040\000L\000i\000n\000k\000s}{subsection.11.6}% 207
\BOOKMARK [4][-]{macdef-songtarget.4}{\376\377\000\134\000s\000o\000n\000g\000t\000a\000r\000g\000e\000t}{subsubsection.11.6.3}% 208
\BOOKMARK [4][-]{macdef-songlink.4}{\376\377\000\134\000s\000o\000n\000g\000l\000i\000n\000k}{subsubsection.11.6.3}% 209
\BOOKMARK [3][-]{subsubsection.11.6.4}{\376\377\0001\0001\000.\0006\000.\0004\000\040\000S\000o\000r\000t\000\040\000O\000r\000d\000e\000r}{subsection.11.6}% 210
\BOOKMARK [3][-]{subsubsection.11.6.5}{\376\377\0001\0001\000.\0006\000.\0005\000\040\000S\000p\000e\000c\000i\000a\000l\000\040\000W\000o\000r\000d\000s\000\040\000I\000n\000\040\000S\000o\000n\000g\000\040\000I\000n\000f\000o}{subsection.11.6}% 211
\BOOKMARK [4][-]{macdef-titleprefixword.4}{\376\377\000\134\000t\000i\000t\000l\000e\000p\000r\000e\000f\000i\000x\000w\000o\000r\000d}{subsubsection.11.6.5}% 212
\BOOKMARK [4][-]{macdef-authsepword.4}{\376\377\000\134\000a\000u\000t\000h\000s\000e\000p\000w\000o\000r\000d}{subsubsection.11.6.5}% 213
\BOOKMARK [4][-]{macdef-authbyword.4}{\376\377\000\134\000a\000u\000t\000h\000b\000y\000w\000o\000r\000d}{subsubsection.11.6.5}% 214
\BOOKMARK [4][-]{macdef-authignoreword.4}{\376\377\000\134\000a\000u\000t\000h\000i\000g\000n\000o\000r\000e\000w\000o\000r\000d}{subsubsection.11.6.5}% 215
\BOOKMARK [2][-]{subsection.11.7}{\376\377\0001\0001\000.\0007\000\040\000P\000a\000g\000e\000\040\000H\000e\000a\000d\000e\000r\000s\000\040\000a\000n\000d\000\040\000F\000o\000o\000t\000e\000r\000s}{section.11}% 216
\BOOKMARK [3][-]{macdef-songmark.3}{\376\377\000\134\000s\000o\000n\000g\000m\000a\000r\000k}{subsection.11.7}% 217
\BOOKMARK [3][-]{macdef-versemark.3}{\376\377\000\134\000v\000e\000r\000s\000e\000m\000a\000r\000k}{subsection.11.7}% 218
\BOOKMARK [3][-]{macdef-chorusmark.3}{\376\377\000\134\000c\000h\000o\000r\000u\000s\000m\000a\000r\000k}{subsection.11.7}% 219
\BOOKMARK [2][-]{subsection.11.8}{\376\377\0001\0001\000.\0008\000\040\000D\000e\000f\000i\000n\000i\000n\000g\000\040\000N\000e\000w\000\040\000B\000e\000g\000i\000n\000s\000o\000n\000g\000\040\000K\000e\000y\000v\000a\000l\000s}{section.11}% 220
\BOOKMARK [3][-]{macdef-newsongkey.3}{\376\377\000\134\000n\000e\000w\000s\000o\000n\000g\000k\000e\000y}{subsection.11.8}% 221
\BOOKMARK [2][-]{subsection.11.9}{\376\377\0001\0001\000.\0009\000\040\000F\000o\000n\000t\000\040\000K\000e\000r\000n\000i\000n\000g\000\040\000C\000o\000r\000r\000e\000c\000t\000i\000o\000n\000s}{section.11}% 222
\BOOKMARK [3][-]{macdef-chordlocals.3}{\376\377\000\134\000c\000h\000o\000r\000d\000l\000o\000c\000a\000l\000s}{subsection.11.9}% 223
\BOOKMARK [3][-]{macdef-shiftdblquotes.3}{\376\377\000\134\000s\000h\000i\000f\000t\000d\000b\000l\000q\000u\000o\000t\000e\000s}{subsection.11.9}% 224
\BOOKMARK [1][-]{section.12}{\376\377\0001\0002\000\040\000I\000n\000f\000o\000r\000m\000a\000t\000i\000o\000n\000a\000l\000\040\000M\000a\000c\000r\000o\000s}{}% 225
\BOOKMARK [2][-]{macdef-songauthors.2}{\376\377\000\134\000s\000o\000n\000g\000a\000u\000t\000h\000o\000r\000s}{section.12}% 226
\BOOKMARK [2][-]{macdef-songrefs.2}{\376\377\000\134\000s\000o\000n\000g\000r\000e\000f\000s}{section.12}% 227
\BOOKMARK [2][-]{macdef-songcopyright.2}{\376\377\000\134\000s\000o\000n\000g\000c\000o\000p\000y\000r\000i\000g\000h\000t}{section.12}% 228
\BOOKMARK [2][-]{macdef-songlicense.2}{\376\377\000\134\000s\000o\000n\000g\000l\000i\000c\000e\000n\000s\000e}{section.12}% 229
\BOOKMARK [2][-]{macdef-songtitle.2}{\376\377\000\134\000s\000o\000n\000g\000t\000i\000t\000l\000e}{section.12}% 230
\BOOKMARK [2][-]{macdef-resettitles.2}{\376\377\000\134\000r\000e\000s\000e\000t\000t\000i\000t\000l\000e\000s}{section.12}% 231
\BOOKMARK [2][-]{macdef-nexttitle.2}{\376\377\000\134\000n\000e\000x\000t\000t\000i\000t\000l\000e}{section.12}% 232
\BOOKMARK [2][-]{macdef-foreachtitle.2}{\376\377\000\134\000f\000o\000r\000e\000a\000c\000h\000t\000i\000t\000l\000e}{section.12}% 233
\BOOKMARK [2][-]{macdef-songlist.2}{\376\377\000\134\000s\000o\000n\000g\000l\000i\000s\000t}{section.12}% 234
\BOOKMARK [1][-]{section.13}{\376\377\0001\0003\000\040\000O\000t\000h\000e\000r\000\040\000R\000e\000s\000o\000u\000r\000c\000e\000s}{}% 235
\BOOKMARK [1][-]{section.14}{\376\377\0001\0004\000\040\000G\000N\000U\000\040\000G\000e\000n\000e\000r\000a\000l\000\040\000P\000u\000b\000l\000i\000c\000\040\000L\000i\000c\000e\000n\000s\000e}{}% 236
\BOOKMARK [1][-]{section.15}{\376\377\0001\0005\000\040\000I\000m\000p\000l\000e\000m\000e\000n\000t\000a\000t\000i\000o\000n}{}% 237
\BOOKMARK [2][-]{subsection.15.1}{\376\377\0001\0005\000.\0001\000\040\000I\000n\000i\000t\000i\000a\000l\000i\000z\000a\000t\000i\000o\000n}{section.15}% 238
\BOOKMARK [2][-]{subsection.15.2}{\376\377\0001\0005\000.\0002\000\040\000D\000e\000f\000a\000u\000l\000t\000\040\000P\000a\000r\000a\000m\000e\000t\000e\000r\000s}{section.15}% 239
\BOOKMARK [3][-]{mimpl-lyricfont.3}{\376\377\000\134\000l\000y\000r\000i\000c\000f\000o\000n\000t}{subsection.15.2}% 240
\BOOKMARK [3][-]{mimpl-stitlefont.3}{\376\377\000\134\000s\000t\000i\000t\000l\000e\000f\000o\000n\000t}{subsection.15.2}% 241
\BOOKMARK [3][-]{mimpl-versefont.3}{\376\377\000\134\000v\000e\000r\000s\000e\000f\000o\000n\000t}{subsection.15.2}% 242
\BOOKMARK [3][-]{mimpl-chorusfont.3}{\376\377\000\134\000c\000h\000o\000r\000u\000s\000f\000o\000n\000t}{subsection.15.2}% 243
\BOOKMARK [3][-]{mimpl-notefont.3}{\376\377\000\134\000n\000o\000t\000e\000f\000o\000n\000t}{subsection.15.2}% 244
\BOOKMARK [3][-]{mimpl-meterfont.3}{\376\377\000\134\000m\000e\000t\000e\000r\000f\000o\000n\000t}{subsection.15.2}% 245
\BOOKMARK [3][-]{mimpl-echofont.3}{\376\377\000\134\000e\000c\000h\000o\000f\000o\000n\000t}{subsection.15.2}% 246
\BOOKMARK [3][-]{mimpl-scripturefont.3}{\376\377\000\134\000s\000c\000r\000i\000p\000t\000u\000r\000e\000f\000o\000n\000t}{subsection.15.2}% 247
\BOOKMARK [3][-]{mimpl-printscrcite.3}{\376\377\000\134\000p\000r\000i\000n\000t\000s\000c\000r\000c\000i\000t\000e}{subsection.15.2}% 248
\BOOKMARK [3][-]{mimpl-snumbgcolor.3}{\376\377\000\134\000s\000n\000u\000m\000b\000g\000c\000o\000l\000o\000r}{subsection.15.2}% 249
\BOOKMARK [3][-]{mimpl-notebgcolor.3}{\376\377\000\134\000n\000o\000t\000e\000b\000g\000c\000o\000l\000o\000r}{subsection.15.2}% 250
\BOOKMARK [3][-]{mimpl-idxbgcolor.3}{\376\377\000\134\000i\000d\000x\000b\000g\000c\000o\000l\000o\000r}{subsection.15.2}% 251
\BOOKMARK [3][-]{mimpl-versejustify.3}{\376\377\000\134\000v\000e\000r\000s\000e\000j\000u\000s\000t\000i\000f\000y}{subsection.15.2}% 252
\BOOKMARK [3][-]{mimpl-chorusjustify.3}{\376\377\000\134\000c\000h\000o\000r\000u\000s\000j\000u\000s\000t\000i\000f\000y}{subsection.15.2}% 253
\BOOKMARK [3][-]{mimpl-notejustify.3}{\376\377\000\134\000n\000o\000t\000e\000j\000u\000s\000t\000i\000f\000y}{subsection.15.2}% 254
\BOOKMARK [3][-]{mimpl-placenote.3}{\376\377\000\134\000p\000l\000a\000c\000e\000n\000o\000t\000e}{subsection.15.2}% 255
\BOOKMARK [3][-]{mimpl-thesongnum.3}{\376\377\000\134\000t\000h\000e\000s\000o\000n\000g\000n\000u\000m}{subsection.15.2}% 256
\BOOKMARK [3][-]{mimpl-theversenum.3}{\376\377\000\134\000t\000h\000e\000v\000e\000r\000s\000e\000n\000u\000m}{subsection.15.2}% 257
\BOOKMARK [3][-]{mimpl-printsongnum.3}{\376\377\000\134\000p\000r\000i\000n\000t\000s\000o\000n\000g\000n\000u\000m}{subsection.15.2}% 258
\BOOKMARK [3][-]{mimpl-printversenum.3}{\376\377\000\134\000p\000r\000i\000n\000t\000v\000e\000r\000s\000e\000n\000u\000m}{subsection.15.2}% 259
\BOOKMARK [3][-]{mimpl-placeversenum.3}{\376\377\000\134\000p\000l\000a\000c\000e\000v\000e\000r\000s\000e\000n\000u\000m}{subsection.15.2}% 260
\BOOKMARK [3][-]{mimpl-everyverse.3}{\376\377\000\134\000e\000v\000e\000r\000y\000v\000e\000r\000s\000e}{subsection.15.2}% 261
\BOOKMARK [3][-]{mimpl-everychorus.3}{\376\377\000\134\000e\000v\000e\000r\000y\000c\000h\000o\000r\000u\000s}{subsection.15.2}% 262
\BOOKMARK [3][-]{mimpl-printchord.3}{\376\377\000\134\000p\000r\000i\000n\000t\000c\000h\000o\000r\000d}{subsection.15.2}% 263
\BOOKMARK [3][-]{mimpl-chordlocals.3}{\376\377\000\134\000c\000h\000o\000r\000d\000l\000o\000c\000a\000l\000s}{subsection.15.2}% 264
\BOOKMARK [3][-]{mimpl-versesep.3}{\376\377\000\134\000v\000e\000r\000s\000e\000s\000e\000p}{subsection.15.2}% 265
\BOOKMARK [3][-]{mimpl-afterpreludeskip.3}{\376\377\000\134\000a\000f\000t\000e\000r\000p\000r\000e\000l\000u\000d\000e\000s\000k\000i\000p}{subsection.15.2}% 266
\BOOKMARK [3][-]{mimpl-beforepostludeskip.3}{\376\377\000\134\000b\000e\000f\000o\000r\000e\000p\000o\000s\000t\000l\000u\000d\000e\000s\000k\000i\000p}{subsection.15.2}% 267
\BOOKMARK [3][-]{mimpl-baselineadj.3}{\376\377\000\134\000b\000a\000s\000e\000l\000i\000n\000e\000a\000d\000j}{subsection.15.2}% 268
\BOOKMARK [3][-]{mimpl-clineparams.3}{\376\377\000\134\000c\000l\000i\000n\000e\000p\000a\000r\000a\000m\000s}{subsection.15.2}% 269
\BOOKMARK [3][-]{mimpl-idxheadwidth.3}{\376\377\000\134\000i\000d\000x\000h\000e\000a\000d\000w\000i\000d\000t\000h}{subsection.15.2}% 270
\BOOKMARK [3][-]{mimpl-songnumwidth.3}{\376\377\000\134\000s\000o\000n\000g\000n\000u\000m\000w\000i\000d\000t\000h}{subsection.15.2}% 271
\BOOKMARK [3][-]{mimpl-versenumwidth.3}{\376\377\000\134\000v\000e\000r\000s\000e\000n\000u\000m\000w\000i\000d\000t\000h}{subsection.15.2}% 272
\BOOKMARK [3][-]{mimpl-vvpenalty.3}{\376\377\000\134\000v\000v\000p\000e\000n\000a\000l\000t\000y}{subsection.15.2}% 273
\BOOKMARK [3][-]{mimpl-ccpenalty.3}{\376\377\000\134\000c\000c\000p\000e\000n\000a\000l\000t\000y}{subsection.15.2}% 274
\BOOKMARK [3][-]{mimpl-vcpenalty.3}{\376\377\000\134\000v\000c\000p\000e\000n\000a\000l\000t\000y}{subsection.15.2}% 275
\BOOKMARK [3][-]{mimpl-cvpenalty.3}{\376\377\000\134\000c\000v\000p\000e\000n\000a\000l\000t\000y}{subsection.15.2}% 276
\BOOKMARK [3][-]{mimpl-brkpenalty.3}{\376\377\000\134\000b\000r\000k\000p\000e\000n\000a\000l\000t\000y}{subsection.15.2}% 277
\BOOKMARK [3][-]{mimpl-spenalty.3}{\376\377\000\134\000s\000p\000e\000n\000a\000l\000t\000y}{subsection.15.2}% 278
\BOOKMARK [3][-]{mimpl-songmark.3}{\376\377\000\134\000s\000o\000n\000g\000m\000a\000r\000k}{subsection.15.2}% 279
\BOOKMARK [3][-]{mimpl-versemark.3}{\376\377\000\134\000v\000e\000r\000s\000e\000m\000a\000r\000k}{subsection.15.2}% 280
\BOOKMARK [3][-]{mimpl-chorusmark.3}{\376\377\000\134\000c\000h\000o\000r\000u\000s\000m\000a\000r\000k}{subsection.15.2}% 281
\BOOKMARK [3][-]{mimpl-extendprelude.3}{\376\377\000\134\000e\000x\000t\000e\000n\000d\000p\000r\000e\000l\000u\000d\000e}{subsection.15.2}% 282
\BOOKMARK [3][-]{mimpl-extendpostlude.3}{\376\377\000\134\000e\000x\000t\000e\000n\000d\000p\000o\000s\000t\000l\000u\000d\000e}{subsection.15.2}% 283
\BOOKMARK [3][-]{mimpl-idxheadfont.3}{\376\377\000\134\000i\000d\000x\000h\000e\000a\000d\000f\000o\000n\000t}{subsection.15.2}% 284
\BOOKMARK [3][-]{mimpl-idxtitlefont.3}{\376\377\000\134\000i\000d\000x\000t\000i\000t\000l\000e\000f\000o\000n\000t}{subsection.15.2}% 285
\BOOKMARK [3][-]{mimpl-idxlyricfont.3}{\376\377\000\134\000i\000d\000x\000l\000y\000r\000i\000c\000f\000o\000n\000t}{subsection.15.2}% 286
\BOOKMARK [3][-]{mimpl-idxscripfont.3}{\376\377\000\134\000i\000d\000x\000s\000c\000r\000i\000p\000f\000o\000n\000t}{subsection.15.2}% 287
\BOOKMARK [3][-]{mimpl-idxauthfont.3}{\376\377\000\134\000i\000d\000x\000a\000u\000t\000h\000f\000o\000n\000t}{subsection.15.2}% 288
\BOOKMARK [3][-]{mimpl-idxrefsfont.3}{\376\377\000\134\000i\000d\000x\000r\000e\000f\000s\000f\000o\000n\000t}{subsection.15.2}% 289
\BOOKMARK [3][-]{mimpl-idxbook.3}{\376\377\000\134\000i\000d\000x\000b\000o\000o\000k}{subsection.15.2}% 290
\BOOKMARK [3][-]{mimpl-idxcont.3}{\376\377\000\134\000i\000d\000x\000c\000o\000n\000t}{subsection.15.2}% 291
\BOOKMARK [2][-]{subsection.15.3}{\376\377\0001\0005\000.\0003\000\040\000P\000a\000c\000k\000a\000g\000e\000\040\000O\000p\000t\000i\000o\000n\000s}{section.15}% 292
\BOOKMARK [3][-]{eimpl-slides.3}{\376\377\000s\000l\000i\000d\000e\000s}{subsection.15.3}% 293
\BOOKMARK [3][-]{mimpl-slides.3}{\376\377\000\134\000s\000l\000i\000d\000e\000s}{subsection.15.3}% 294
\BOOKMARK [3][-]{eimpl-unouter.3}{\376\377\000u\000n\000o\000u\000t\000e\000r}{subsection.15.3}% 295
\BOOKMARK [3][-]{eimpl-rawtext.3}{\376\377\000r\000a\000w\000t\000e\000x\000t}{subsection.15.3}% 296
\BOOKMARK [3][-]{eimpl-noshading.3}{\376\377\000n\000o\000s\000h\000a\000d\000i\000n\000g}{subsection.15.3}% 297
\BOOKMARK [3][-]{eimpl-noindexes.3}{\376\377\000n\000o\000i\000n\000d\000e\000x\000e\000s}{subsection.15.3}% 298
\BOOKMARK [3][-]{mimpl-indexeson.3}{\376\377\000\134\000i\000n\000d\000e\000x\000e\000s\000o\000n}{subsection.15.3}% 299
\BOOKMARK [3][-]{mimpl-indexesoff.3}{\376\377\000\134\000i\000n\000d\000e\000x\000e\000s\000o\000f\000f}{subsection.15.3}% 300
\BOOKMARK [3][-]{eimpl-nopdfindex.3}{\376\377\000n\000o\000p\000d\000f\000i\000n\000d\000e\000x}{subsection.15.3}% 301
\BOOKMARK [3][-]{eimpl-chorded.3}{\376\377\000c\000h\000o\000r\000d\000e\000d}{subsection.15.3}% 302
\BOOKMARK [3][-]{eimpl-lyric.3}{\376\377\000l\000y\000r\000i\000c}{subsection.15.3}% 303
\BOOKMARK [3][-]{mimpl-chordson.3}{\376\377\000\134\000c\000h\000o\000r\000d\000s\000o\000n}{subsection.15.3}% 304
\BOOKMARK [3][-]{mimpl-chordsoff.3}{\376\377\000\134\000c\000h\000o\000r\000d\000s\000o\000f\000f}{subsection.15.3}% 305
\BOOKMARK [3][-]{eimpl-showmeasures.3}{\376\377\000s\000h\000o\000w\000m\000e\000a\000s\000u\000r\000e\000s}{subsection.15.3}% 306
\BOOKMARK [3][-]{eimpl-nomeasures.3}{\376\377\000n\000o\000m\000e\000a\000s\000u\000r\000e\000s}{subsection.15.3}% 307
\BOOKMARK [3][-]{mimpl-measureson.3}{\376\377\000\134\000m\000e\000a\000s\000u\000r\000e\000s\000o\000n}{subsection.15.3}% 308
\BOOKMARK [3][-]{mimpl-measuresoff.3}{\376\377\000\134\000m\000e\000a\000s\000u\000r\000e\000s\000o\000f\000f}{subsection.15.3}% 309
\BOOKMARK [3][-]{eimpl-transposecapos.3}{\376\377\000t\000r\000a\000n\000s\000p\000o\000s\000e\000c\000a\000p\000o\000s}{subsection.15.3}% 310
\BOOKMARK [3][-]{eimpl-noscripture.3}{\376\377\000n\000o\000s\000c\000r\000i\000p\000t\000u\000r\000e}{subsection.15.3}% 311
\BOOKMARK [3][-]{mimpl-scriptureon.3}{\376\377\000\134\000s\000c\000r\000i\000p\000t\000u\000r\000e\000o\000n}{subsection.15.3}% 312
\BOOKMARK [3][-]{mimpl-scriptureoff.3}{\376\377\000\134\000s\000c\000r\000i\000p\000t\000u\000r\000e\000o\000f\000f}{subsection.15.3}% 313
\BOOKMARK [3][-]{eimpl-onesongcolumn.3}{\376\377\000o\000n\000e\000s\000o\000n\000g\000c\000o\000l\000u\000m\000n}{subsection.15.3}% 314
\BOOKMARK [3][-]{eimpl-twosongcolumns.3}{\376\377\000t\000w\000o\000s\000o\000n\000g\000c\000o\000l\000u\000m\000n\000s}{subsection.15.3}% 315
\BOOKMARK [3][-]{mimpl-onesongcolumn.3}{\376\377\000\134\000o\000n\000e\000s\000o\000n\000g\000c\000o\000l\000u\000m\000n}{subsection.15.3}% 316
\BOOKMARK [3][-]{mimpl-twosongcolumns.3}{\376\377\000\134\000t\000w\000o\000s\000o\000n\000g\000c\000o\000l\000u\000m\000n\000s}{subsection.15.3}% 317
\BOOKMARK [3][-]{mimpl-songcolumns.3}{\376\377\000\134\000s\000o\000n\000g\000c\000o\000l\000u\000m\000n\000s}{subsection.15.3}% 318
\BOOKMARK [3][-]{mimpl-includeonlysongs.3}{\376\377\000\134\000i\000n\000c\000l\000u\000d\000e\000o\000n\000l\000y\000s\000o\000n\000g\000s}{subsection.15.3}% 319
\BOOKMARK [3][-]{mimpl-nosongnumbers.3}{\376\377\000\134\000n\000o\000s\000o\000n\000g\000n\000u\000m\000b\000e\000r\000s}{subsection.15.3}% 320
\BOOKMARK [3][-]{mimpl-noversenumbers.3}{\376\377\000\134\000n\000o\000v\000e\000r\000s\000e\000n\000u\000m\000b\000e\000r\000s}{subsection.15.3}% 321
\BOOKMARK [3][-]{mimpl-repchoruses.3}{\376\377\000\134\000r\000e\000p\000c\000h\000o\000r\000u\000s\000e\000s}{subsection.15.3}% 322
\BOOKMARK [3][-]{mimpl-norepchoruses.3}{\376\377\000\134\000n\000o\000r\000e\000p\000c\000h\000o\000r\000u\000s\000e\000s}{subsection.15.3}% 323
\BOOKMARK [2][-]{subsection.15.4}{\376\377\0001\0005\000.\0004\000\040\000P\000a\000g\000e\000-\000b\000u\000i\000l\000d\000e\000r}{section.15}% 324
\BOOKMARK [3][-]{mimpl-commitsongs.3}{\376\377\000\134\000c\000o\000m\000m\000i\000t\000s\000o\000n\000g\000s}{subsection.15.4}% 325
\BOOKMARK [3][-]{mimpl-nextcol.3}{\376\377\000\134\000n\000e\000x\000t\000c\000o\000l}{subsection.15.4}% 326
\BOOKMARK [3][-]{mimpl-sclearpage.3}{\376\377\000\134\000s\000c\000l\000e\000a\000r\000p\000a\000g\000e}{subsection.15.4}% 327
\BOOKMARK [3][-]{mimpl-scleardpage.3}{\376\377\000\134\000s\000c\000l\000e\000a\000r\000d\000p\000a\000g\000e}{subsection.15.4}% 328
\BOOKMARK [2][-]{subsection.15.5}{\376\377\0001\0005\000.\0005\000\040\000S\000o\000n\000g\000s}{section.15}% 329
\BOOKMARK [3][-]{mimpl-resettitles.3}{\376\377\000\134\000r\000e\000s\000e\000t\000t\000i\000t\000l\000e\000s}{subsection.15.5}% 330
\BOOKMARK [3][-]{mimpl-nexttitle.3}{\376\377\000\134\000n\000e\000x\000t\000t\000i\000t\000l\000e}{subsection.15.5}% 331
\BOOKMARK [3][-]{mimpl-foreachtitle.3}{\376\377\000\134\000f\000o\000r\000e\000a\000c\000h\000t\000i\000t\000l\000e}{subsection.15.5}% 332
\BOOKMARK [3][-]{mimpl-songauthors.3}{\376\377\000\134\000s\000o\000n\000g\000a\000u\000t\000h\000o\000r\000s}{subsection.15.5}% 333
\BOOKMARK [3][-]{mimpl-songcopyright.3}{\376\377\000\134\000s\000o\000n\000g\000c\000o\000p\000y\000r\000i\000g\000h\000t}{subsection.15.5}% 334
\BOOKMARK [3][-]{mimpl-songlicense.3}{\376\377\000\134\000s\000o\000n\000g\000l\000i\000c\000e\000n\000s\000e}{subsection.15.5}% 335
\BOOKMARK [3][-]{mimpl-songrefs.3}{\376\377\000\134\000s\000o\000n\000g\000r\000e\000f\000s}{subsection.15.5}% 336
\BOOKMARK [3][-]{mimpl-setlicense.3}{\376\377\000\134\000s\000e\000t\000l\000i\000c\000e\000n\000s\000e}{subsection.15.5}% 337
\BOOKMARK [3][-]{mimpl-newsongkey.3}{\376\377\000\134\000n\000e\000w\000s\000o\000n\000g\000k\000e\000y}{subsection.15.5}% 338
\BOOKMARK [3][-]{eimpl-song.3}{\376\377\000s\000o\000n\000g}{subsection.15.5}% 339
\BOOKMARK [3][-]{mimpl-makeprelude.3}{\376\377\000\134\000m\000a\000k\000e\000p\000r\000e\000l\000u\000d\000e}{subsection.15.5}% 340
\BOOKMARK [3][-]{mimpl-makepostlude.3}{\376\377\000\134\000m\000a\000k\000e\000p\000o\000s\000t\000l\000u\000d\000e}{subsection.15.5}% 341
\BOOKMARK [3][-]{mimpl-showauthors.3}{\376\377\000\134\000s\000h\000o\000w\000a\000u\000t\000h\000o\000r\000s}{subsection.15.5}% 342
\BOOKMARK [3][-]{mimpl-showrefs.3}{\376\377\000\134\000s\000h\000o\000w\000r\000e\000f\000s}{subsection.15.5}% 343
\BOOKMARK [2][-]{subsection.15.6}{\376\377\0001\0005\000.\0006\000\040\000V\000e\000r\000s\000e\000s\000\040\000a\000n\000d\000\040\000C\000h\000o\000r\000u\000s\000e\000s}{section.15}% 344
\BOOKMARK [3][-]{eimpl-verse.3}{\376\377\000v\000e\000r\000s\000e}{subsection.15.6}% 345
\BOOKMARK [3][-]{eimpl-chorus.3}{\376\377\000c\000h\000o\000r\000u\000s}{subsection.15.6}% 346
\BOOKMARK [3][-]{mimpl-brk.3}{\376\377\000\134\000b\000r\000k}{subsection.15.6}% 347
\BOOKMARK [3][-]{mimpl-textnote.3}{\376\377\000\134\000t\000e\000x\000t\000n\000o\000t\000e}{subsection.15.6}% 348
\BOOKMARK [3][-]{mimpl-musicnote.3}{\376\377\000\134\000m\000u\000s\000i\000c\000n\000o\000t\000e}{subsection.15.6}% 349
\BOOKMARK [3][-]{mimpl-echo.3}{\376\377\000\134\000e\000c\000h\000o}{subsection.15.6}% 350
\BOOKMARK [3][-]{mimpl-rep.3}{\376\377\000\134\000r\000e\000p}{subsection.15.6}% 351
\BOOKMARK [2][-]{subsection.15.7}{\376\377\0001\0005\000.\0007\000\040\000S\000c\000r\000i\000p\000t\000u\000r\000e\000\040\000Q\000u\000o\000t\000a\000t\000i\000o\000n\000s}{section.15}% 352
\BOOKMARK [3][-]{eimpl-songgroup.3}{\376\377\000s\000o\000n\000g\000g\000r\000o\000u\000p}{subsection.15.7}% 353
\BOOKMARK [3][-]{eimpl-intersong.3}{\376\377\000i\000n\000t\000e\000r\000s\000o\000n\000g}{subsection.15.7}% 354
\BOOKMARK [3][-]{eimpl-scripture.3}{\376\377\000s\000c\000r\000i\000p\000t\000u\000r\000e}{subsection.15.7}% 355
\BOOKMARK [3][-]{mimpl-scitehere.3}{\376\377\000\134\000s\000c\000i\000t\000e\000h\000e\000r\000e}{subsection.15.7}% 356
\BOOKMARK [3][-]{mimpl-Acolon.3}{\376\377\000\134\000A\000c\000o\000l\000o\000n}{subsection.15.7}% 357
\BOOKMARK [3][-]{mimpl-Bcolon.3}{\376\377\000\134\000B\000c\000o\000l\000o\000n}{subsection.15.7}% 358
\BOOKMARK [3][-]{mimpl-strophe.3}{\376\377\000\134\000s\000t\000r\000o\000p\000h\000e}{subsection.15.7}% 359
\BOOKMARK [3][-]{mimpl-scripindent.3}{\376\377\000\134\000s\000c\000r\000i\000p\000i\000n\000d\000e\000n\000t}{subsection.15.7}% 360
\BOOKMARK [3][-]{mimpl-scripoutdent.3}{\376\377\000\134\000s\000c\000r\000i\000p\000o\000u\000t\000d\000e\000n\000t}{subsection.15.7}% 361
\BOOKMARK [3][-]{mimpl-shiftdblquotes.3}{\376\377\000\134\000s\000h\000i\000f\000t\000d\000b\000l\000q\000u\000o\000t\000e\000s}{subsection.15.7}% 362
\BOOKMARK [2][-]{subsection.15.8}{\376\377\0001\0005\000.\0008\000\040\000T\000r\000a\000n\000s\000p\000o\000s\000i\000t\000i\000o\000n}{section.15}% 363
\BOOKMARK [3][-]{mimpl-notenamesin.3}{\376\377\000\134\000n\000o\000t\000e\000n\000a\000m\000e\000s\000i\000n}{subsection.15.8}% 364
\BOOKMARK [3][-]{mimpl-notenamesout.3}{\376\377\000\134\000n\000o\000t\000e\000n\000a\000m\000e\000s\000o\000u\000t}{subsection.15.8}% 365
\BOOKMARK [3][-]{mimpl-notenames.3}{\376\377\000\134\000n\000o\000t\000e\000n\000a\000m\000e\000s}{subsection.15.8}% 366
\BOOKMARK [3][-]{mimpl-alphascale.3}{\376\377\000\134\000a\000l\000p\000h\000a\000s\000c\000a\000l\000e}{subsection.15.8}% 367
\BOOKMARK [3][-]{mimpl-solfedge.3}{\376\377\000\134\000s\000o\000l\000f\000e\000d\000g\000e}{subsection.15.8}% 368
\BOOKMARK [3][-]{mimpl-transpose.3}{\376\377\000\134\000t\000r\000a\000n\000s\000p\000o\000s\000e}{subsection.15.8}% 369
\BOOKMARK [3][-]{mimpl-capo.3}{\376\377\000\134\000c\000a\000p\000o}{subsection.15.8}% 370
\BOOKMARK [3][-]{mimpl-prefersharps.3}{\376\377\000\134\000p\000r\000e\000f\000e\000r\000s\000h\000a\000r\000p\000s}{subsection.15.8}% 371
\BOOKMARK [3][-]{mimpl-preferflats.3}{\376\377\000\134\000p\000r\000e\000f\000e\000r\000f\000l\000a\000t\000s}{subsection.15.8}% 372
\BOOKMARK [3][-]{mimpl-transposehere.3}{\376\377\000\134\000t\000r\000a\000n\000s\000p\000o\000s\000e\000h\000e\000r\000e}{subsection.15.8}% 373
\BOOKMARK [3][-]{mimpl-notrans.3}{\376\377\000\134\000n\000o\000t\000r\000a\000n\000s}{subsection.15.8}% 374
\BOOKMARK [3][-]{mimpl-trchordformat.3}{\376\377\000\134\000t\000r\000c\000h\000o\000r\000d\000f\000o\000r\000m\000a\000t}{subsection.15.8}% 375
\BOOKMARK [2][-]{subsection.15.9}{\376\377\0001\0005\000.\0009\000\040\000M\000e\000a\000s\000u\000r\000e\000\040\000B\000a\000r\000s}{section.15}% 376
\BOOKMARK [3][-]{mimpl-meter.3}{\376\377\000\134\000m\000e\000t\000e\000r}{subsection.15.9}% 377
\BOOKMARK [3][-]{mimpl-mbar.3}{\376\377\000\134\000m\000b\000a\000r}{subsection.15.9}% 378
\BOOKMARK [3][-]{mimpl-measurebar.3}{\376\377\000\134\000m\000e\000a\000s\000u\000r\000e\000b\000a\000r}{subsection.15.9}% 379
\BOOKMARK [3][-]{mimpl-lrep.3}{\376\377\000\134\000l\000r\000e\000p}{subsection.15.9}% 380
\BOOKMARK [3][-]{mimpl-rrep.3}{\376\377\000\134\000r\000r\000e\000p}{subsection.15.9}% 381
\BOOKMARK [2][-]{subsection.15.10}{\376\377\0001\0005\000.\0001\0000\000\040\000L\000y\000r\000i\000c\000\040\000S\000c\000a\000n\000n\000i\000n\000g}{section.15}% 382
\BOOKMARK [3][-]{mimpl-DeclareLyricChar.3}{\376\377\000\134\000D\000e\000c\000l\000a\000r\000e\000L\000y\000r\000i\000c\000C\000h\000a\000r}{subsection.15.10}% 383
\BOOKMARK [3][-]{mimpl-DeclareNonLyric.3}{\376\377\000\134\000D\000e\000c\000l\000a\000r\000e\000N\000o\000n\000L\000y\000r\000i\000c}{subsection.15.10}% 384
\BOOKMARK [3][-]{mimpl-DeclareNoHyphen.3}{\376\377\000\134\000D\000e\000c\000l\000a\000r\000e\000N\000o\000H\000y\000p\000h\000e\000n}{subsection.15.10}% 385
\BOOKMARK [3][-]{mimpl-MultiwordChords.3}{\376\377\000\134\000M\000u\000l\000t\000i\000w\000o\000r\000d\000C\000h\000o\000r\000d\000s}{subsection.15.10}% 386
\BOOKMARK [2][-]{subsection.15.11}{\376\377\0001\0005\000.\0001\0001\000\040\000C\000h\000o\000r\000d\000s}{section.15}% 387
\BOOKMARK [3][-]{mimpl-[.3}{\376\377\000\134\000[}{subsection.15.11}% 388
\BOOKMARK [3][-]{mimpl-sharpsymbol.3}{\376\377\000\134\000s\000h\000a\000r\000p\000s\000y\000m\000b\000o\000l}{subsection.15.11}% 389
\BOOKMARK [3][-]{mimpl-flatsymbol.3}{\376\377\000\134\000f\000l\000a\000t\000s\000y\000m\000b\000o\000l}{subsection.15.11}% 390
\BOOKMARK [3][-]{mimpl-shrp.3}{\376\377\000\134\000s\000h\000r\000p}{subsection.15.11}% 391
\BOOKMARK [3][-]{mimpl-flt.3}{\376\377\000\134\000f\000l\000t}{subsection.15.11}% 392
\BOOKMARK [3][-]{mimpl-ch.3}{\376\377\000\134\000c\000h}{subsection.15.11}% 393
\BOOKMARK [3][-]{mimpl-mch.3}{\376\377\000\134\000m\000c\000h}{subsection.15.11}% 394
\BOOKMARK [2][-]{subsection.15.12}{\376\377\0001\0005\000.\0001\0002\000\040\000C\000h\000o\000r\000d\000\040\000R\000e\000p\000l\000a\000y\000i\000n\000g}{section.15}% 395
\BOOKMARK [3][-]{mimpl-newchords.3}{\376\377\000\134\000n\000e\000w\000c\000h\000o\000r\000d\000s}{subsection.15.12}% 396
\BOOKMARK [3][-]{mimpl-memorize.3}{\376\377\000\134\000m\000e\000m\000o\000r\000i\000z\000e}{subsection.15.12}% 397
\BOOKMARK [3][-]{mimpl-replay.3}{\376\377\000\134\000r\000e\000p\000l\000a\000y}{subsection.15.12}% 398
\BOOKMARK [2][-]{subsection.15.13}{\376\377\0001\0005\000.\0001\0003\000\040\000G\000u\000i\000t\000a\000r\000\040\000T\000a\000b\000l\000a\000t\000u\000r\000e\000s}{section.15}% 399
\BOOKMARK [3][-]{mimpl-gtabtrans.3}{\376\377\000\134\000g\000t\000a\000b\000t\000r\000a\000n\000s}{subsection.15.13}% 400
\BOOKMARK [3][-]{mimpl-gtab.3}{\376\377\000\134\000g\000t\000a\000b}{subsection.15.13}% 401
\BOOKMARK [2][-]{subsection.15.14}{\376\377\0001\0005\000.\0001\0004\000\040\000B\000o\000o\000k\000\040\000S\000e\000c\000t\000i\000o\000n\000i\000n\000g}{section.15}% 402
\BOOKMARK [3][-]{mimpl-songchapter.3}{\376\377\000\134\000s\000o\000n\000g\000c\000h\000a\000p\000t\000e\000r}{subsection.15.14}% 403
\BOOKMARK [3][-]{mimpl-songsection.3}{\376\377\000\134\000s\000o\000n\000g\000s\000e\000c\000t\000i\000o\000n}{subsection.15.14}% 404
\BOOKMARK [3][-]{eimpl-songs.3}{\376\377\000s\000o\000n\000g\000s}{subsection.15.14}% 405
\BOOKMARK [2][-]{subsection.15.15}{\376\377\0001\0005\000.\0001\0005\000\040\000I\000n\000d\000e\000x\000\040\000G\000e\000n\000e\000r\000a\000t\000i\000o\000n}{section.15}% 406
\BOOKMARK [3][-]{mimpl-songtarget.3}{\376\377\000\134\000s\000o\000n\000g\000t\000a\000r\000g\000e\000t}{subsection.15.15}% 407
\BOOKMARK [3][-]{mimpl-songlink.3}{\376\377\000\134\000s\000o\000n\000g\000l\000i\000n\000k}{subsection.15.15}% 408
\BOOKMARK [3][-]{mimpl-newindex.3}{\376\377\000\134\000n\000e\000w\000i\000n\000d\000e\000x}{subsection.15.15}% 409
\BOOKMARK [3][-]{mimpl-newscripindex.3}{\376\377\000\134\000n\000e\000w\000s\000c\000r\000i\000p\000i\000n\000d\000e\000x}{subsection.15.15}% 410
\BOOKMARK [3][-]{mimpl-newauthorindex.3}{\376\377\000\134\000n\000e\000w\000a\000u\000t\000h\000o\000r\000i\000n\000d\000e\000x}{subsection.15.15}% 411
\BOOKMARK [3][-]{mimpl-indexentry.3}{\376\377\000\134\000i\000n\000d\000e\000x\000e\000n\000t\000r\000y}{subsection.15.15}% 412
\BOOKMARK [3][-]{mimpl-indextitleentry.3}{\376\377\000\134\000i\000n\000d\000e\000x\000t\000i\000t\000l\000e\000e\000n\000t\000r\000y}{subsection.15.15}% 413
\BOOKMARK [3][-]{mimpl-indexsongsas.3}{\376\377\000\134\000i\000n\000d\000e\000x\000s\000o\000n\000g\000s\000a\000s}{subsection.15.15}% 414
\BOOKMARK [3][-]{mimpl-authsepword.3}{\376\377\000\134\000a\000u\000t\000h\000s\000e\000p\000w\000o\000r\000d}{subsection.15.15}% 415
\BOOKMARK [3][-]{mimpl-authbyword.3}{\376\377\000\134\000a\000u\000t\000h\000b\000y\000w\000o\000r\000d}{subsection.15.15}% 416
\BOOKMARK [3][-]{mimpl-authignoreword.3}{\376\377\000\134\000a\000u\000t\000h\000i\000g\000n\000o\000r\000e\000w\000o\000r\000d}{subsection.15.15}% 417
\BOOKMARK [3][-]{mimpl-titleprefixword.3}{\376\377\000\134\000t\000i\000t\000l\000e\000p\000r\000e\000f\000i\000x\000w\000o\000r\000d}{subsection.15.15}% 418
\BOOKMARK [3][-]{mimpl-showindex.3}{\376\377\000\134\000s\000h\000o\000w\000i\000n\000d\000e\000x}{subsection.15.15}% 419
\BOOKMARK [2][-]{subsection.15.16}{\376\377\0001\0005\000.\0001\0006\000\040\000E\000r\000r\000o\000r\000\040\000M\000e\000s\000s\000a\000g\000e\000s}{section.15}% 420
\BOOKMARK [2][-]{subsection.15.17}{\376\377\0001\0005\000.\0001\0007\000\040\000O\000p\000t\000i\000o\000n\000\040\000P\000r\000o\000c\000e\000s\000s\000i\000n\000g}{section.15}% 421
\BOOKMARK [2][-]{subsection.15.18}{\376\377\0001\0005\000.\0001\0008\000\040\000R\000a\000w\000t\000e\000x\000t\000\040\000M\000o\000d\000e}{section.15}% 422
