\BOOKMARK [1][-]{section.1}{\376\377\000C\000o\000m\000p\000l\000e\000t\000e\000\040\000I\000n\000d\000e\000x\000\040\000o\000f\000\040\000S\000o\000n\000g\000s}{}% 1
\BOOKMARK [1][-]{section.2}{\376\377\000W\000o\000r\000s\000h\000i\000p\000\040\000S\000o\000n\000g\000s}{}% 2
\BOOKMARK [2][-]{song1-1.2}{\376\377\0001\000.\000\040\000D\000o\000x\000o\000l\000o\000g\000y}{section.2}% 3
\BOOKMARK [2][-]{song1-2.2}{\376\377\0002\000.\000\040\000A\000n\000d\000\040\000C\000a\000n\000\040\000I\000t\000\040\000B\000e}{section.2}% 4
\BOOKMARK [2][-]{song1-3.2}{\376\377\0003\000.\000\040\000M\000y\000\040\000J\000e\000s\000u\000s\000\040\000I\000\040\000L\000o\000v\000e\000\040\000T\000h\000e\000e}{section.2}% 5
\BOOKMARK [2][-]{song1-4.2}{\376\377\0004\000.\000\040\000A\000m\000a\000z\000i\000n\000g\000\040\000G\000r\000a\000c\000e}{section.2}% 6
\BOOKMARK [2][-]{song1-5.2}{\376\377\0005\000.\000\040\000I\000t\000\040\000I\000s\000\040\000W\000e\000l\000l\000\040\000W\000i\000t\000h\000\040\000M\000y\000\040\000S\000o\000u\000l}{section.2}% 7
\BOOKMARK [2][-]{song1-6.2}{\376\377\0006\000.\000\040\000W\000h\000a\000t\000\040\000A\000\040\000F\000r\000i\000e\000n\000d\000\040\000W\000e\000\040\000H\000a\000v\000e\000\040\000I\000n\000\040\000J\000e\000s\000u\000s}{section.2}% 8
\BOOKMARK [2][-]{song1-7.2}{\376\377\0007\000.\000\040\000O\000\040\000L\000o\000v\000e\000\040\000T\000h\000a\000t\000\040\000W\000i\000l\000l\000\040\000N\000o\000t\000\040\000L\000e\000t\000\040\000M\000e\000\040\000G\000o}{section.2}% 9
\BOOKMARK [2][-]{song1-8.2}{\376\377\0008\000.\000\040\000C\000o\000m\000e\000\040\000T\000h\000o\000u\000\040\000F\000o\000u\000n\000t}{section.2}% 10
\BOOKMARK [2][-]{song1-9.2}{\376\377\0009\000.\000\040\000H\000o\000l\000y\000\040\000H\000o\000l\000y\000\040\000H\000o\000l\000y}{section.2}% 11
\BOOKMARK [2][-]{song1-10.2}{\376\377\0001\0000\000.\000\040\000H\000o\000w\000\040\000G\000r\000e\000a\000t\000\040\000T\000h\000o\000u\000\040\000A\000r\000t}{section.2}% 12
\BOOKMARK [2][-]{song1-11.2}{\376\377\0001\0001\000.\000\040\000B\000e\000\040\000T\000h\000o\000u\000\040\000M\000y\000\040\000V\000i\000s\000i\000o\000n}{section.2}% 13
\BOOKMARK [2][-]{song1-12.2}{\376\377\0001\0002\000.\000\040\000I\000n\000\040\000T\000h\000e\000\040\000G\000a\000r\000d\000e\000n}{section.2}% 14
\BOOKMARK [2][-]{song1-13.2}{\376\377\0001\0003\000.\000\040\000G\000r\000e\000a\000t\000\040\000I\000s\000\040\000T\000h\000y\000\040\000F\000a\000i\000t\000h\000f\000u\000l\000n\000e\000s\000s}{section.2}% 15
\BOOKMARK [2][-]{song1-14.2}{\376\377\0001\0004\000.\000\040\000O\000\040\000T\000h\000e\000\040\000D\000e\000e\000p\000\040\000D\000e\000e\000p\000\040\000L\000o\000v\000e\000\040\000o\000f\000\040\000J\000e\000s\000u\000s}{section.2}% 16
\BOOKMARK [2][-]{song1-15.2}{\376\377\0001\0005\000.\000\040\000J\000e\000s\000u\000s\000\040\000L\000o\000v\000e\000r\000\040\000O\000f\000\040\000M\000y\000\040\000S\000o\000u\000l}{section.2}% 17
\BOOKMARK [2][-]{song1-16.2}{\376\377\0001\0006\000.\000\040\000W\000h\000e\000n\000\040\000I\000\040\000S\000u\000r\000v\000e\000y\000\040\000T\000h\000e\000\040\000W\000o\000n\000d\000r\000o\000u\000s\000\040\000C\000r\000o\000s\000s}{section.2}% 18
\BOOKMARK [2][-]{song1-17.2}{\376\377\0001\0007\000.\000\040\000C\000r\000o\000w\000n\000\040\000H\000i\000m\000\040\000W\000i\000t\000h\000\040\000M\000a\000n\000y\000\040\000C\000r\000o\000w\000n\000s}{section.2}% 19
\BOOKMARK [2][-]{song1-18.2}{\376\377\0001\0008\000.\000\040\000F\000a\000i\000r\000e\000s\000t\000\040\000L\000o\000r\000d\000\040\000J\000e\000s\000u\000s}{section.2}% 20
\BOOKMARK [2][-]{song1-19.2}{\376\377\0001\0009\000.\000\040\000T\000u\000r\000n\000\040\000Y\000o\000u\000r\000\040\000E\000y\000e\000s\000\040\000U\000p\000o\000n\000\040\000J\000e\000s\000u\000s}{section.2}% 21
\BOOKMARK [2][-]{song1-20.2}{\376\377\0002\0000\000.\000\040\000J\000o\000y\000f\000u\000l\000\040\000J\000o\000y\000f\000u\000l\000\040\000W\000e\000\040\000A\000d\000o\000r\000e\000\040\000T\000h\000e\000e}{section.2}% 22
\BOOKMARK [2][-]{song1-21.2}{\376\377\0002\0001\000.\000\040\000O\000\040\000F\000o\000r\000\040\000A\000\040\000T\000h\000o\000u\000s\000a\000n\000d\000\040\000T\000o\000n\000g\000u\000e\000s\000\040\000T\000o\000\040\000S\000i\000n\000g}{section.2}% 23
\BOOKMARK [2][-]{song1-22.2}{\376\377\0002\0002\000.\000\040\000A\000l\000l\000\040\000G\000l\000o\000r\000y\000,\000\040\000L\000a\000u\000d\000,\000\040\000A\000n\000d\000\040\000H\000o\000n\000o\000r}{section.2}% 24
\BOOKMARK [2][-]{song1-23.2}{\376\377\0002\0003\000.\000\040\000A\000l\000l\000\040\000H\000a\000i\000l\000\040\000T\000h\000e\000\040\000P\000o\000w\000e\000r\000\040\000O\000f\000\040\000J\000e\000s\000u\000s\000\040\000N\000a\000m\000e}{section.2}% 25
\BOOKMARK [2][-]{song1-24.2}{\376\377\0002\0004\000.\000\040\000I\000m\000m\000o\000r\000t\000a\000l\000\040\000I\000n\000v\000i\000s\000i\000b\000l\000e}{section.2}% 26
\BOOKMARK [2][-]{song1-25.2}{\376\377\0002\0005\000.\000\040\000T\000a\000k\000e\000\040\000M\000y\000\040\000L\000i\000f\000e\000\040\000A\000n\000d\000\040\000L\000e\000t\000\040\000I\000t\000\040\000B\000e}{section.2}% 27
\BOOKMARK [2][-]{song1-26.2}{\376\377\0002\0006\000.\000\040\000C\000h\000r\000i\000s\000t\000\040\000T\000h\000e\000\040\000L\000o\000r\000d\000\040\000I\000s\000\040\000R\000i\000s\000e\000n\000\040\000T\000o\000d\000a\000y}{section.2}% 28
\BOOKMARK [2][-]{song1-27.2}{\376\377\0002\0007\000.\000\040\000I\000\040\000S\000i\000n\000g\000\040\000T\000h\000e\000\040\000M\000i\000g\000h\000t\000y\000\040\000P\000o\000w\000e\000r\000\040\000O\000f\000\040\000G\000o\000d}{section.2}% 29
\BOOKMARK [2][-]{song1-28.2}{\376\377\0002\0008\000.\000\040\000A\000l\000l\000\040\000C\000r\000e\000a\000t\000u\000r\000e\000s\000\040\000O\000f\000\040\000O\000u\000r\000\040\000G\000o\000d\000\040\000A\000n\000d\000\040\000K\000i\000n\000g}{section.2}% 30
\BOOKMARK [2][-]{song1-29.2}{\376\377\0002\0009\000.\000\040\000A\000\040\000M\000i\000g\000h\000t\000y\000\040\000F\000o\000r\000t\000r\000e\000s\000s\000\040\000I\000s\000\040\000O\000u\000r\000\040\000G\000o\000d}{section.2}% 31
\BOOKMARK [1][-]{section.3}{\376\377\000I\000n\000d\000e\000x\000\040\000o\000f\000\040\000A\000u\000t\000h\000o\000r\000s\000\040\000a\000n\000d\000\040\000C\000o\000m\000p\000o\000s\000e\000r\000s}{}% 32
\BOOKMARK [1][-]{section.4}{\376\377\000I\000n\000d\000e\000x\000\040\000o\000f\000\040\000S\000c\000r\000i\000p\000t\000u\000r\000e}{}% 33
